TN:
SF:src\App.tsx
FN:75,App
FNF:1
FNH:1
FNDA:16,App
DA:16,8
LF:1
LH:1
BRF:0
BRH:0
end_of_record
TN:
SF:src\main.tsx
FNF:0
FNH:0
DA:6,8
LF:1
LH:1
BRF:0
BRH:0
end_of_record
TN:
SF:src\routeTree.gen.ts
FNF:0
FNH:0
LF:0
LH:0
BRF:0
BRH:0
end_of_record
TN:
SF:src\router.tsx
FNF:0
FNH:0
LF:0
LH:0
BRF:0
BRH:0
end_of_record
TN:
SF:src\server.ts
FNF:0
FNH:0
LF:0
LH:0
BRF:0
BRH:0
end_of_record
TN:
SF:src\start.ts
FNF:0
FNH:0
LF:0
LH:0
BRF:0
BRH:0
end_of_record
TN:
SF:src\components\app-sidebar.tsx
FN:34,AppSidebar
FN:54,(anonymous_1)
FNF:2
FNH:2
FNDA:54,AppSidebar
FNDA:432,(anonymous_1)
DA:23,8
DA:35,54
DA:56,432
DA:59,432
DA:60,432
LF:5
LH:5
BRDA:56,0,0,54
BRDA:56,0,1,378
BRDA:66,1,0,54
BRDA:66,1,1,378
BRDA:74,2,0,54
BRDA:74,2,1,378
BRDA:76,3,0,54
BRDA:76,3,1,378
BRDA:79,4,0,432
BRF:9
BRH:9
end_of_record
TN:
SF:src\components\app-topbar.tsx
FN:24,(anonymous_0)
FN:27,(anonymous_1)
FN:36,AppTopbar
FN:43,(anonymous_3)
FN:47,(anonymous_4)
FN:51,(anonymous_5)
FN:55,(anonymous_6)
FN:56,(anonymous_7)
FN:59,(anonymous_8)
FN:62,(anonymous_9)
FN:73,(anonymous_10)
FN:85,(anonymous_11)
FN:92,(anonymous_12)
FN:93,(anonymous_13)
FN:95,(anonymous_14)
FN:98,(anonymous_15)
FN:101,(anonymous_16)
FN:119,(anonymous_17)
FN:120,(anonymous_18)
FN:164,(anonymous_19)
FN:184,(anonymous_20)
FN:184,(anonymous_21)
FN:185,(anonymous_22)
FN:185,(anonymous_23)
FN:186,(anonymous_24)
FN:186,(anonymous_25)
FN:187,(anonymous_26)
FN:187,(anonymous_27)
FN:189,(anonymous_28)
FN:189,(anonymous_29)
FN:215,(anonymous_30)
FN:235,(anonymous_31)
FN:236,(anonymous_32)
FN:237,(anonymous_33)
FN:238,(anonymous_34)
FN:239,(anonymous_35)
FNF:36
FNH:16
FNDA:62,(anonymous_0)
FNDA:8,(anonymous_1)
FNDA:62,AppTopbar
FNDA:16,(anonymous_3)
FNDA:8,(anonymous_4)
FNDA:0,(anonymous_5)
FNDA:16,(anonymous_6)
FNDA:8,(anonymous_7)
FNDA:8,(anonymous_8)
FNDA:0,(anonymous_9)
FNDA:16,(anonymous_10)
FNDA:16,(anonymous_11)
FNDA:16,(anonymous_12)
FNDA:16,(anonymous_13)
FNDA:32,(anonymous_14)
FNDA:8,(anonymous_15)
FNDA:16,(anonymous_16)
FNDA:0,(anonymous_17)
FNDA:0,(anonymous_18)
FNDA:0,(anonymous_19)
FNDA:0,(anonymous_20)
FNDA:0,(anonymous_21)
FNDA:0,(anonymous_22)
FNDA:0,(anonymous_23)
FNDA:0,(anonymous_24)
FNDA:0,(anonymous_25)
FNDA:0,(anonymous_26)
FNDA:0,(anonymous_27)
FNDA:0,(anonymous_28)
FNDA:0,(anonymous_29)
FNDA:124,(anonymous_30)
FNDA:0,(anonymous_31)
FNDA:0,(anonymous_32)
FNDA:0,(anonymous_33)
FNDA:0,(anonymous_34)
FNDA:0,(anonymous_35)
DA:23,8
DA:25,62
DA:26,62
DA:37,62
DA:38,62
DA:39,62
DA:40,62
DA:41,62
DA:43,62
DA:44,16
DA:47,62
DA:48,8
DA:51,62
DA:52,0
DA:55,62
DA:56,16
DA:57,8
DA:59,16
DA:62,62
DA:63,0
DA:64,0
DA:65,0
DA:66,0
DA:67,0
DA:70,62
DA:71,62
DA:73,62
DA:74,16
DA:75,16
DA:76,16
DA:77,16
DA:78,16
DA:79,0
DA:80,0
DA:84,62
DA:85,62
DA:86,16
DA:87,16
DA:89,0
DA:92,62
DA:93,16
DA:94,16
DA:95,32
DA:97,16
DA:98,16
DA:101,62
DA:102,16
DA:103,0
DA:104,0
DA:105,16
DA:106,16
DA:107,16
DA:109,0
DA:110,0
DA:111,0
DA:113,0
DA:116,16
DA:119,62
DA:120,0
DA:164,0
DA:184,0
DA:185,0
DA:186,0
DA:187,0
DA:189,0
DA:215,124
DA:235,0
DA:236,0
DA:237,0
DA:238,0
DA:239,0
LF:71
LH:44
BRDA:26,0,0,62
BRDA:26,0,1,62
BRDA:39,1,0,62
BRDA:39,1,1,0
BRDA:40,2,0,62
BRDA:40,2,1,62
BRDA:48,3,0,0
BRDA:48,3,1,8
BRDA:57,4,0,8
BRDA:57,4,1,8
BRDA:74,5,0,16
BRDA:74,5,1,0
BRDA:75,6,0,16
BRDA:75,6,1,0
BRDA:76,7,0,16
BRDA:77,8,0,16
BRDA:78,9,0,16
BRDA:78,9,1,0
BRDA:79,10,0,0
BRDA:79,10,1,0
BRDA:86,11,0,16
BRDA:87,12,0,16
BRDA:87,12,1,16
BRDA:94,13,0,16
BRDA:94,13,1,0
BRDA:95,14,0,0
BRDA:95,14,1,32
BRDA:102,15,0,0
BRDA:102,15,1,16
BRDA:105,16,0,16
BRDA:105,16,1,0
BRDA:110,17,0,0
BRDA:110,17,1,0
BRDA:120,18,0,0
BRDA:120,18,1,0
BRDA:199,19,0,0
BRDA:235,20,0,0
BRDA:235,20,1,0
BRDA:236,21,0,0
BRDA:236,21,1,0
BRDA:237,22,0,0
BRDA:237,22,1,0
BRDA:238,23,0,0
BRDA:238,23,1,0
BRDA:239,24,0,0
BRDA:239,24,1,0
BRF:46
BRH:20
end_of_record
TN:
SF:src\components\crm-atoms.tsx
FN:11,ActivityIcon
FN:34,StatusBadge
FN:48,PriorityDot
FNF:3
FNH:1
FNDA:6,ActivityIcon
FNDA:0,StatusBadge
FNDA:0,PriorityDot
DA:12,6
DA:24,6
DA:25,6
DA:26,6
DA:35,0
DA:49,0
LF:6
LH:4
BRDA:11,0,0,0
BRDA:24,1,0,6
BRDA:24,1,1,0
BRDA:25,2,0,6
BRDA:25,2,1,0
BRDA:26,3,0,6
BRDA:26,3,1,0
BRDA:42,4,0,0
BRDA:42,4,1,0
BRDA:49,5,0,0
BRDA:49,5,1,0
BRDA:49,6,0,0
BRDA:49,6,1,0
BRF:13
BRH:3
end_of_record
TN:
SF:src\components\new-activity-dialog.tsx
FN:39,NewActivityDialog
FN:51,(anonymous_1)
FN:56,(anonymous_2)
FN:69,(anonymous_3)
FN:135,(anonymous_4)
FN:139,(anonymous_5)
FN:201,(anonymous_6)
FN:204,(anonymous_7)
FN:220,(anonymous_8)
FN:228,(anonymous_9)
FN:248,(anonymous_10)
FN:255,(anonymous_11)
FN:257,(anonymous_12)
FN:287,(anonymous_13)
FNF:14
FNH:3
FNDA:56,NewActivityDialog
FNDA:0,(anonymous_1)
FNDA:0,(anonymous_2)
FNDA:0,(anonymous_3)
FNDA:280,(anonymous_4)
FNDA:0,(anonymous_5)
FNDA:0,(anonymous_6)
FNDA:672,(anonymous_7)
FNDA:0,(anonymous_8)
FNDA:0,(anonymous_9)
FNDA:0,(anonymous_10)
FNDA:0,(anonymous_11)
FNDA:0,(anonymous_12)
FNDA:0,(anonymous_13)
DA:16,8
DA:40,56
DA:41,56
DA:42,56
DA:43,56
DA:45,56
DA:46,56
DA:47,56
DA:48,56
DA:50,56
DA:51,56
DA:52,0
DA:53,0
DA:56,56
DA:57,0
DA:58,0
DA:59,0
DA:67,0
DA:68,0
DA:69,0
DA:70,0
DA:71,0
DA:72,0
DA:73,0
DA:76,0
DA:77,0
DA:80,0
DA:94,0
DA:95,0
DA:97,0
DA:109,0
DA:111,0
DA:112,0
DA:136,280
DA:139,0
DA:201,0
DA:205,672
DA:220,0
DA:228,0
DA:249,0
DA:250,0
DA:251,0
DA:256,0
DA:257,0
DA:259,0
DA:287,0
LF:46
LH:14
BRDA:50,0,0,56
BRDA:50,0,1,0
BRDA:68,1,0,0
BRDA:70,2,0,0
BRDA:71,3,0,0
BRDA:72,4,0,0
BRDA:76,5,0,0
BRDA:76,5,1,0
BRDA:76,6,0,0
BRDA:76,6,1,0
BRDA:76,7,0,0
BRDA:76,7,1,0
BRDA:82,8,0,0
BRDA:82,8,1,0
BRDA:83,9,0,0
BRDA:83,9,1,0
BRDA:84,10,0,0
BRDA:84,10,1,0
BRDA:85,11,0,0
BRDA:85,11,1,0
BRDA:86,12,0,0
BRDA:86,12,1,0
BRDA:87,13,0,0
BRDA:87,13,1,0
BRDA:90,14,0,0
BRDA:90,14,1,0
BRDA:91,15,0,0
BRDA:91,15,1,0
BRDA:118,16,0,56
BRDA:141,17,0,56
BRDA:141,17,1,224
BRDA:211,18,0,56
BRDA:256,19,0,0
BRDA:256,19,1,0
BRDA:263,20,0,0
BRDA:263,20,1,0
BRF:36
BRH:5
end_of_record
TN:
SF:src\components\quick-create-dialogs.tsx
FN:39,Field
FN:63,NewClientDialog
FN:67,(anonymous_2)
FN:72,(anonymous_3)
FN:151,(anonymous_4)
FN:161,NewProjectDialog
FN:165,(anonymous_7)
FN:171,(anonymous_8)
FN:229,(anonymous_9)
FN:245,NewOpportunityDialog
FN:249,(anonymous_12)
FN:254,(anonymous_13)
FN:302,(anonymous_14)
FN:310,(anonymous_15)
FN:320,NewEventDialog
FN:323,(anonymous_18)
FN:337,(anonymous_19)
FN:355,(anonymous_20)
FN:419,(anonymous_21)
FN:423,(anonymous_22)
FN:463,(anonymous_23)
FN:466,(anonymous_24)
FN:482,(anonymous_25)
FN:490,(anonymous_26)
FN:510,(anonymous_27)
FN:517,(anonymous_28)
FN:519,(anonymous_29)
FN:544,(anonymous_30)
FNF:28
FNH:17
FNDA:154,Field
FNDA:58,NewClientDialog
FNDA:0,(anonymous_2)
FNDA:0,(anonymous_3)
FNDA:0,(anonymous_4)
FNDA:44,NewProjectDialog
FNDA:0,(anonymous_7)
FNDA:0,(anonymous_8)
FNDA:0,(anonymous_9)
FNDA:48,NewOpportunityDialog
FNDA:0,(anonymous_12)
FNDA:0,(anonymous_13)
FNDA:720,(anonymous_14)
FNDA:0,(anonymous_15)
FNDA:112,NewEventDialog
FNDA:4,(anonymous_18)
FNDA:1,(anonymous_19)
FNDA:3,(anonymous_20)
FNDA:448,(anonymous_21)
FNDA:1,(anonymous_22)
FNDA:1,(anonymous_23)
FNDA:1344,(anonymous_24)
FNDA:3,(anonymous_25)
FNDA:0,(anonymous_26)
FNDA:42,(anonymous_27)
FNDA:2,(anonymous_28)
FNDA:0,(anonymous_29)
FNDA:1,(anonymous_30)
DA:3,8
DA:57,8
DA:58,8
DA:60,8
DA:64,58
DA:65,58
DA:66,58
DA:67,58
DA:68,0
DA:69,0
DA:72,58
DA:73,0
DA:74,0
DA:75,0
DA:76,0
DA:77,0
DA:79,0
DA:98,0
DA:99,0
DA:100,0
DA:101,0
DA:151,0
DA:162,44
DA:163,44
DA:164,44
DA:165,44
DA:166,0
DA:167,0
DA:169,44
DA:171,44
DA:172,0
DA:173,0
DA:174,0
DA:175,0
DA:177,0
DA:193,0
DA:194,0
DA:195,0
DA:196,0
DA:229,0
DA:239,8
DA:246,48
DA:247,48
DA:248,48
DA:249,48
DA:250,0
DA:251,0
DA:254,48
DA:255,0
DA:256,0
DA:257,0
DA:258,0
DA:259,0
DA:261,0
DA:274,0
DA:275,0
DA:276,0
DA:277,0
DA:302,720
DA:310,0
DA:321,112
DA:322,112
DA:323,112
DA:324,4
DA:325,4
DA:328,112
DA:329,112
DA:330,112
DA:332,112
DA:333,112
DA:334,112
DA:335,112
DA:337,112
DA:338,1
DA:339,1
DA:341,1
DA:348,1
DA:349,1
DA:350,1
DA:351,1
DA:353,1
DA:354,1
DA:355,1
DA:356,3
DA:357,2
DA:358,1
DA:359,0
DA:362,1
DA:363,1
DA:366,1
DA:381,1
DA:383,1
DA:394,1
DA:396,1
DA:397,1
DA:398,1
DA:420,448
DA:423,1
DA:463,1
DA:467,1344
DA:482,3
DA:490,0
DA:511,42
DA:512,42
DA:513,42
DA:518,2
DA:519,0
DA:521,2
DA:544,1
LF:109
LH:68
BRDA:42,0,0,154
BRDA:66,1,0,58
BRDA:66,1,1,0
BRDA:75,2,0,0
BRDA:75,2,1,0
BRDA:76,3,0,0
BRDA:76,3,1,0
BRDA:82,4,0,0
BRDA:82,4,1,0
BRDA:83,5,0,0
BRDA:83,5,1,0
BRDA:84,6,0,0
BRDA:84,6,1,0
BRDA:85,7,0,0
BRDA:85,7,1,0
BRDA:86,8,0,0
BRDA:86,8,1,0
BRDA:87,9,0,0
BRDA:87,9,1,0
BRDA:88,10,0,0
BRDA:88,10,1,0
BRDA:89,11,0,0
BRDA:89,11,1,0
BRDA:91,12,0,0
BRDA:91,12,1,0
BRDA:107,13,0,58
BRDA:164,14,0,44
BRDA:164,14,1,0
BRDA:174,15,0,0
BRDA:174,15,1,0
BRDA:175,16,0,0
BRDA:175,16,1,0
BRDA:181,17,0,0
BRDA:181,17,1,0
BRDA:182,18,0,0
BRDA:182,18,1,0
BRDA:183,19,0,0
BRDA:183,19,1,0
BRDA:185,20,0,0
BRDA:185,20,1,0
BRDA:202,21,0,44
BRDA:248,22,0,48
BRDA:248,22,1,0
BRDA:257,23,0,0
BRDA:257,23,1,0
BRDA:258,24,0,0
BRDA:258,24,1,0
BRDA:259,25,0,0
BRDA:259,25,1,0
BRDA:266,26,0,0
BRDA:266,26,1,0
BRDA:267,27,0,0
BRDA:267,27,1,0
BRDA:270,28,0,0
BRDA:270,28,1,0
BRDA:271,29,0,0
BRDA:271,29,1,0
BRDA:283,30,0,48
BRDA:322,31,0,112
BRDA:322,31,1,58
BRDA:348,32,0,1
BRDA:348,32,1,0
BRDA:349,33,0,1
BRDA:349,33,1,0
BRDA:350,34,0,1
BRDA:350,34,1,0
BRDA:351,35,0,1
BRDA:351,35,1,0
BRDA:354,36,0,1
BRDA:356,37,0,1
BRDA:357,38,0,1
BRDA:358,39,0,1
BRDA:362,40,0,1
BRDA:362,40,1,0
BRDA:362,41,0,0
BRDA:362,41,1,0
BRDA:362,42,0,0
BRDA:362,42,1,0
BRDA:368,43,0,1
BRDA:368,43,1,0
BRDA:374,44,0,1
BRDA:374,44,1,0
BRDA:377,45,0,1
BRDA:377,45,1,0
BRDA:378,46,0,1
BRDA:378,46,1,0
BRDA:385,47,0,0
BRDA:385,47,1,1
BRDA:385,48,0,0
BRDA:385,48,1,1
BRDA:392,49,0,1
BRDA:392,49,1,0
BRDA:406,50,0,112
BRDA:425,51,0,112
BRDA:425,51,1,336
BRDA:473,52,0,112
BRDA:518,53,0,0
BRDA:518,53,1,2
BRDA:525,54,0,24
BRDA:525,54,1,18
BRF:100
BRH:32
end_of_record
TN:
SF:src\components\ui\accordion.tsx
FNF:0
FNH:0
LF:0
LH:0
BRF:0
BRH:0
end_of_record
TN:
SF:src\components\ui\alert-dialog.tsx
FNF:0
FNH:0
LF:0
LH:0
BRF:0
BRH:0
end_of_record
TN:
SF:src\components\ui\alert.tsx
FNF:0
FNH:0
LF:0
LH:0
BRF:0
BRH:0
end_of_record
TN:
SF:src\components\ui\aspect-ratio.tsx
FNF:0
FNH:0
LF:0
LH:0
BRF:0
BRH:0
end_of_record
TN:
SF:src\components\ui\avatar.tsx
FN:8,(anonymous_0)
FN:20,(anonymous_1)
FN:32,(anonymous_2)
FNF:3
FNH:2
FNDA:56,(anonymous_0)
FNDA:0,(anonymous_1)
FNDA:56,(anonymous_2)
DA:8,8
DA:12,56
DA:18,8
DA:20,8
DA:24,0
DA:30,8
DA:32,8
DA:36,56
DA:45,8
LF:9
LH:8
BRF:0
BRH:0
end_of_record
TN:
SF:src\components\ui\badge.tsx
FNF:0
FNH:0
LF:0
LH:0
BRF:0
BRH:0
end_of_record
TN:
SF:src\components\ui\breadcrumb.tsx
FNF:0
FNH:0
LF:0
LH:0
BRF:0
BRH:0
end_of_record
TN:
SF:src\components\ui\button.tsx
FN:39,(anonymous_0)
FNF:1
FNH:1
FNDA:350,(anonymous_0)
DA:7,8
DA:39,8
DA:41,350
DA:47,8
LF:4
LH:4
BRDA:40,0,0,350
BRDA:41,1,0,0
BRDA:41,1,1,350
BRF:3
BRH:2
end_of_record
TN:
SF:src\components\ui\calendar.tsx
FNF:0
FNH:0
LF:0
LH:0
BRF:0
BRH:0
end_of_record
TN:
SF:src\components\ui\card.tsx
FNF:0
FNH:0
LF:0
LH:0
BRF:0
BRH:0
end_of_record
TN:
SF:src\components\ui\carousel.tsx
FNF:0
FNH:0
LF:0
LH:0
BRF:0
BRH:0
end_of_record
TN:
SF:src\components\ui\chart.tsx
FNF:0
FNH:0
LF:0
LH:0
BRF:0
BRH:0
end_of_record
TN:
SF:src\components\ui\checkbox.tsx
FNF:0
FNH:0
LF:0
LH:0
BRF:0
BRH:0
end_of_record
TN:
SF:src\components\ui\collapsible.tsx
FNF:0
FNH:0
LF:0
LH:0
BRF:0
BRH:0
end_of_record
TN:
SF:src\components\ui\command.tsx
FNF:0
FNH:0
LF:0
LH:0
BRF:0
BRH:0
end_of_record
TN:
SF:src\components\ui\context-menu.tsx
FNF:0
FNH:0
LF:0
LH:0
BRF:0
BRH:0
end_of_record
TN:
SF:src\components\ui\dialog.tsx
FN:17,(anonymous_0)
FN:32,(anonymous_1)
FN:72,(anonymous_4)
FN:84,(anonymous_5)
FNF:4
FNH:3
FNDA:30,(anonymous_0)
FNDA:304,(anonymous_1)
FNDA:22,(anonymous_4)
FNDA:0,(anonymous_5)
DA:9,8
DA:11,8
DA:13,8
DA:15,8
DA:17,8
DA:21,30
DA:30,8
DA:32,8
DA:36,304
DA:57,8
DA:62,8
DA:70,8
DA:72,8
DA:76,22
DA:82,8
DA:84,8
DA:88,0
DA:94,8
LF:18
LH:17
BRF:0
BRH:0
end_of_record
TN:
SF:src\components\ui\drawer.tsx
FNF:0
FNH:0
LF:0
LH:0
BRF:0
BRH:0
end_of_record
TN:
SF:src\components\ui\dropdown-menu.tsx
FN:21,(anonymous_0)
FN:42,(anonymous_1)
FN:57,(anonymous_2)
FN:76,(anonymous_3)
FN:94,(anonymous_4)
FN:117,(anonymous_5)
FN:139,(anonymous_6)
FN:153,(anonymous_7)
FN:165,(anonymous_8)
FNF:9
FNH:1
FNDA:0,(anonymous_0)
FNDA:0,(anonymous_1)
FNDA:176,(anonymous_2)
FNDA:0,(anonymous_3)
FNDA:0,(anonymous_4)
FNDA:0,(anonymous_5)
FNDA:0,(anonymous_6)
FNDA:0,(anonymous_7)
FNDA:0,(anonymous_8)
DA:9,8
DA:11,8
DA:13,8
DA:15,8
DA:17,8
DA:19,8
DA:21,8
DA:27,0
DA:40,8
DA:42,8
DA:46,0
DA:55,8
DA:57,8
DA:61,176
DA:74,8
DA:76,8
DA:82,0
DA:92,8
DA:94,8
DA:98,0
DA:115,8
DA:117,8
DA:121,0
DA:137,8
DA:139,8
DA:145,0
DA:151,8
DA:153,8
DA:157,0
DA:163,8
DA:165,8
DA:170,8
LF:32
LH:25
BRDA:31,0,0,0
BRDA:31,0,1,0
BRDA:60,1,0,176
BRDA:86,2,0,0
BRDA:86,2,1,0
BRDA:147,3,0,0
BRDA:147,3,1,0
BRF:7
BRH:1
end_of_record
TN:
SF:src\components\ui\form.tsx
FNF:0
FNH:0
LF:0
LH:0
BRF:0
BRH:0
end_of_record
TN:
SF:src\components\ui\hover-card.tsx
FNF:0
FNH:0
LF:0
LH:0
BRF:0
BRH:0
end_of_record
TN:
SF:src\components\ui\input-otp.tsx
FNF:0
FNH:0
LF:0
LH:0
BRF:0
BRH:0
end_of_record
TN:
SF:src\components\ui\input.tsx
FN:5,(anonymous_0)
FNF:1
FNH:0
FNDA:0,(anonymous_0)
DA:5,8
DA:20,8
LF:2
LH:2
BRF:0
BRH:0
end_of_record
TN:
SF:src\components\ui\label.tsx
FN:13,(anonymous_0)
FNF:1
FNH:0
FNDA:0,(anonymous_0)
DA:9,8
DA:13,8
DA:17,0
DA:19,8
LF:4
LH:3
BRF:0
BRH:0
end_of_record
TN:
SF:src\components\ui\menubar.tsx
FNF:0
FNH:0
LF:0
LH:0
BRF:0
BRH:0
end_of_record
TN:
SF:src\components\ui\navigation-menu.tsx
FNF:0
FNH:0
LF:0
LH:0
BRF:0
BRH:0
end_of_record
TN:
SF:src\components\ui\pagination.tsx
FNF:0
FNH:0
LF:0
LH:0
BRF:0
BRH:0
end_of_record
TN:
SF:src\components\ui\popover.tsx
FN:12,(anonymous_0)
FNF:1
FNH:1
FNDA:122,(anonymous_0)
DA:6,8
DA:8,8
DA:10,8
DA:12,8
DA:16,122
DA:29,8
LF:6
LH:6
BRDA:15,0,0,0
BRDA:15,1,0,122
BRF:2
BRH:1
end_of_record
TN:
SF:src\components\ui\progress.tsx
FNF:0
FNH:0
LF:0
LH:0
BRF:0
BRH:0
end_of_record
TN:
SF:src\components\ui\radio-group.tsx
FNF:0
FNH:0
LF:0
LH:0
BRF:0
BRH:0
end_of_record
TN:
SF:src\components\ui\resizable.tsx
FNF:0
FNH:0
LF:0
LH:0
BRF:0
BRH:0
end_of_record
TN:
SF:src\components\ui\scroll-area.tsx
FNF:0
FNH:0
LF:0
LH:0
BRF:0
BRH:0
end_of_record
TN:
SF:src\components\ui\select.tsx
FNF:0
FNH:0
LF:0
LH:0
BRF:0
BRH:0
end_of_record
TN:
SF:src\components\ui\separator.tsx
FNF:0
FNH:0
LF:0
LH:0
BRF:0
BRH:0
end_of_record
TN:
SF:src\components\ui\sheet.tsx
FN:18,(anonymous_0)
FN:57,(anonymous_1)
FN:87,(anonymous_4)
FN:99,(anonymous_5)
FNF:4
FNH:1
FNDA:0,(anonymous_0)
FNDA:46,(anonymous_1)
FNDA:0,(anonymous_4)
FNDA:0,(anonymous_5)
DA:10,8
DA:12,8
DA:14,8
DA:16,8
DA:18,8
DA:22,0
DA:31,8
DA:33,8
DA:57,8
DA:61,46
DA:72,8
DA:77,8
DA:85,8
DA:87,8
DA:91,0
DA:97,8
DA:99,8
DA:103,0
DA:109,8
LF:19
LH:16
BRDA:60,0,0,0
BRF:1
BRH:0
end_of_record
TN:
SF:src\components\ui\sidebar.tsx
FNF:0
FNH:0
LF:0
LH:0
BRF:0
BRH:0
end_of_record
TN:
SF:src\components\ui\skeleton.tsx
FNF:0
FNH:0
LF:0
LH:0
BRF:0
BRH:0
end_of_record
TN:
SF:src\components\ui\slider.tsx
FNF:0
FNH:0
LF:0
LH:0
BRF:0
BRH:0
end_of_record
TN:
SF:src\components\ui\sonner.tsx
FN:5,(anonymous_0)
FNF:1
FNH:1
FNDA:32,(anonymous_0)
DA:5,8
LF:1
LH:1
BRF:0
BRH:0
end_of_record
TN:
SF:src\components\ui\switch.tsx
FN:6,(anonymous_0)
FNF:1
FNH:0
FNDA:0,(anonymous_0)
DA:6,8
DA:10,0
DA:25,8
LF:3
LH:2
BRF:0
BRH:0
end_of_record
TN:
SF:src\components\ui\table.tsx
FNF:0
FNH:0
LF:0
LH:0
BRF:0
BRH:0
end_of_record
TN:
SF:src\components\ui\tabs.tsx
FN:8,(anonymous_0)
FN:23,(anonymous_1)
FN:38,(anonymous_2)
FNF:3
FNH:0
FNDA:0,(anonymous_0)
FNDA:0,(anonymous_1)
FNDA:0,(anonymous_2)
DA:6,8
DA:8,8
DA:12,0
DA:21,8
DA:23,8
DA:27,0
DA:36,8
DA:38,8
DA:42,0
DA:51,8
LF:10
LH:7
BRF:0
BRH:0
end_of_record
TN:
SF:src\components\ui\textarea.tsx
FNF:0
FNH:0
LF:0
LH:0
BRF:0
BRH:0
end_of_record
TN:
SF:src\components\ui\toggle-group.tsx
FNF:0
FNH:0
LF:0
LH:0
BRF:0
BRH:0
end_of_record
TN:
SF:src\components\ui\toggle.tsx
FNF:0
FNH:0
LF:0
LH:0
BRF:0
BRH:0
end_of_record
TN:
SF:src\components\ui\tooltip.tsx
FNF:0
FNH:0
LF:0
LH:0
BRF:0
BRH:0
end_of_record
TN:
SF:src\hooks\use-filtered-collection.ts
FN:10,useFilteredCollection
FN:14,(anonymous_1)
FN:20,(anonymous_2)
FN:21,(anonymous_3)
FNF:4
FNH:0
FNDA:0,useFilteredCollection
FNDA:0,(anonymous_1)
FNDA:0,(anonymous_2)
FNDA:0,(anonymous_3)
DA:14,0
DA:15,0
DA:16,0
DA:19,0
DA:20,0
DA:21,0
DA:22,0
DA:23,0
DA:24,0
DA:30,0
DA:31,0
DA:32,0
DA:37,0
DA:38,0
DA:41,0
LF:15
LH:0
BRDA:19,0,0,0
BRDA:19,1,0,0
BRDA:19,1,1,0
BRDA:23,2,0,0
BRDA:23,3,0,0
BRDA:23,3,1,0
BRDA:30,4,0,0
BRDA:30,5,0,0
BRDA:30,5,1,0
BRDA:37,6,0,0
BRF:10
BRH:0
end_of_record
TN:
SF:src\hooks\use-mobile.tsx
FNF:0
FNH:0
LF:0
LH:0
BRF:0
BRH:0
end_of_record
TN:
SF:src\hooks\use-page-meta.ts
FN:3,usePageMeta
FN:4,(anonymous_1)
FNF:2
FNH:2
FNDA:38,usePageMeta
FNDA:16,(anonymous_1)
DA:4,38
DA:5,16
DA:6,16
DA:7,16
DA:8,16
DA:9,0
DA:10,0
DA:11,0
DA:13,16
LF:9
LH:6
BRDA:6,0,0,16
BRDA:8,1,0,0
BRF:2
BRH:1
end_of_record
TN:
SF:src\hooks\use-virtualizer.ts
FN:16,useVirtualizer
FN:27,(anonymous_1)
FN:30,(anonymous_2)
FN:34,(anonymous_3)
FN:42,(anonymous_4)
FN:63,(anonymous_5)
FN:64,(anonymous_6)
FNF:7
FNH:0
FNDA:0,useVirtualizer
FNDA:0,(anonymous_1)
FNDA:0,(anonymous_2)
FNDA:0,(anonymous_3)
FNDA:0,(anonymous_4)
FNDA:0,(anonymous_5)
FNDA:0,(anonymous_6)
DA:22,0
DA:23,0
DA:25,0
DA:27,0
DA:28,0
DA:30,0
DA:31,0
DA:34,0
DA:35,0
DA:38,0
DA:40,0
DA:42,0
DA:43,0
DA:47,0
DA:48,0
DA:50,0
DA:51,0
DA:53,0
DA:54,0
DA:55,0
DA:62,0
DA:63,0
DA:64,0
LF:23
LH:0
BRDA:20,0,0,0
BRDA:28,1,0,0
BRDA:35,2,0,0
BRDA:35,2,1,0
BRF:4
BRH:0
end_of_record
TN:
SF:src\lib\crm-data.ts
FN:60,eventsForClient
FN:61,(anonymous_1)
FN:63,(anonymous_2)
FN:64,(anonymous_3)
FN:69,clientHistorySummary
FN:153,projectsForCompany
FN:155,(anonymous_6)
FN:160,projectForCompany
FNF:8
FNH:0
FNDA:0,eventsForClient
FNDA:0,(anonymous_1)
FNDA:0,(anonymous_2)
FNDA:0,(anonymous_3)
FNDA:0,clientHistorySummary
FNDA:0,projectsForCompany
FNDA:0,(anonymous_6)
FNDA:0,projectForCompany
DA:25,8
DA:26,8
DA:58,8
DA:61,0
DA:62,0
DA:63,0
DA:64,0
DA:70,0
DA:71,0
DA:83,8
DA:115,8
DA:117,8
DA:151,8
DA:154,0
DA:155,0
DA:156,0
DA:161,0
DA:176,8
DA:177,8
LF:19
LH:9
BRDA:74,0,0,0
BRDA:74,0,1,0
BRDA:77,1,0,0
BRDA:77,1,1,0
BRDA:156,2,0,0
BRDA:156,2,1,0
BRF:6
BRH:0
end_of_record
TN:
SF:src\lib\error-capture.ts
FNF:0
FNH:0
LF:0
LH:0
BRF:0
BRH:0
end_of_record
TN:
SF:src\lib\error-page.ts
FNF:0
FNH:0
LF:0
LH:0
BRF:0
BRH:0
end_of_record
TN:
SF:src\lib\lovable-error-reporting.ts
FNF:0
FNH:0
LF:0
LH:0
BRF:0
BRH:0
end_of_record
TN:
SF:src\lib\store.tsx
FN:28,CRMProvider
FN:37,(anonymous_1)
FN:55,(anonymous_2)
FN:79,useCRM
FNF:4
FNH:4
FNDA:34,CRMProvider
FNDA:16,(anonymous_1)
FNDA:25,(anonymous_2)
FNDA:356,useCRM
DA:26,8
DA:29,34
DA:30,34
DA:31,34
DA:32,34
DA:33,34
DA:34,34
DA:35,34
DA:37,34
DA:38,16
DA:39,16
DA:40,16
DA:41,16
DA:42,16
DA:43,16
DA:44,16
DA:45,16
DA:46,16
DA:47,16
DA:50,0
DA:52,16
DA:55,34
DA:56,25
DA:57,9
DA:63,34
DA:80,356
DA:81,356
DA:82,356
LF:28
LH:27
BRDA:40,0,0,16
BRDA:42,1,0,16
BRDA:43,2,0,16
BRDA:44,3,0,16
BRDA:45,4,0,16
BRDA:46,5,0,16
BRDA:47,6,0,16
BRDA:56,7,0,16
BRDA:63,8,0,16
BRDA:81,9,0,0
BRF:10
BRH:9
end_of_record
TN:
SF:src\lib\utils.ts
FN:4,cn
FNF:1
FNH:1
FNDA:2070,cn
DA:5,2070
LF:1
LH:1
BRF:0
BRH:0
end_of_record
TN:
SF:src\routes\__root.tsx
FNF:0
FNH:0
LF:0
LH:0
BRF:0
BRH:0
end_of_record
TN:
SF:src\routes\_app.activities.tsx
FN:57,getAbsoluteDate
FN:84,getActivityDateTime
FN:92,getDayDiff
FN:101,isGroupVisible
FN:120,isSameDay
FN:124,matchesDate
FN:157,ActivitiesPage
FN:199,(anonymous_7)
FN:205,(anonymous_8)
FN:228,(anonymous_9)
FN:229,(anonymous_10)
FN:232,(anonymous_11)
FN:235,(anonymous_12)
FN:236,(anonymous_13)
FN:237,(anonymous_14)
FN:239,(anonymous_15)
FN:242,(anonymous_16)
FN:245,(anonymous_17)
FN:253,(anonymous_18)
FN:259,(anonymous_19)
FN:268,(anonymous_20)
FN:278,(anonymous_21)
FN:299,(anonymous_22)
FN:309,(anonymous_23)
FN:310,(anonymous_24)
FN:314,(anonymous_25)
FN:330,(anonymous_26)
FN:333,(anonymous_27)
FN:337,(anonymous_28)
FN:369,(anonymous_29)
FN:370,(anonymous_30)
FN:371,(anonymous_31)
FN:372,(anonymous_32)
FN:373,(anonymous_33)
FN:374,(anonymous_34)
FN:375,(anonymous_35)
FN:401,(anonymous_36)
FN:411,(anonymous_37)
FN:412,(anonymous_38)
FN:416,(anonymous_39)
FN:418,(anonymous_40)
FN:426,(anonymous_41)
FN:429,(anonymous_42)
FN:433,(anonymous_43)
FN:434,(anonymous_44)
FN:451,(anonymous_45)
FN:454,(anonymous_46)
FN:457,(anonymous_47)
FN:458,(anonymous_48)
FN:469,(anonymous_49)
FN:476,(anonymous_50)
FN:483,(anonymous_51)
FN:484,(anonymous_52)
FN:490,(anonymous_53)
FN:496,(anonymous_54)
FN:505,(anonymous_55)
FN:519,(anonymous_56)
FN:528,(anonymous_57)
FN:529,(anonymous_58)
FN:537,(anonymous_59)
FN:544,(anonymous_60)
FN:550,(anonymous_61)
FN:551,(anonymous_62)
FN:560,(anonymous_63)
FN:567,(anonymous_64)
FN:578,(anonymous_65)
FN:584,(anonymous_66)
FN:595,(anonymous_67)
FN:599,(anonymous_68)
FN:600,(anonymous_69)
FN:609,(anonymous_70)
FN:643,(anonymous_71)
FN:680,(anonymous_72)
FN:681,(anonymous_73)
FN:701,(anonymous_74)
FN:720,(anonymous_75)
FN:723,(anonymous_76)
FN:739,(anonymous_77)
FN:759,(anonymous_78)
FN:773,(anonymous_79)
FN:786,(anonymous_80)
FN:790,(anonymous_81)
FN:790,(anonymous_82)
FN:797,(anonymous_83)
FN:813,(anonymous_84)
FN:836,(anonymous_85)
FN:839,(anonymous_86)
FN:855,(anonymous_87)
FN:865,(anonymous_88)
FN:875,(anonymous_89)
FN:885,(anonymous_90)
FN:906,(anonymous_91)
FN:910,(anonymous_92)
FN:911,(anonymous_93)
FN:919,(anonymous_94)
FN:923,(anonymous_95)
FN:924,(anonymous_96)
FN:932,(anonymous_97)
FN:936,(anonymous_98)
FN:937,(anonymous_99)
FN:945,(anonymous_100)
FN:949,(anonymous_101)
FN:950,(anonymous_102)
FN:969,(anonymous_103)
FN:979,(anonymous_104)
FN:983,(anonymous_105)
FN:1008,(anonymous_106)
FN:1009,(anonymous_107)
FN:1010,(anonymous_108)
FN:1016,(anonymous_109)
FN:1058,(anonymous_110)
FN:1059,(anonymous_111)
FN:1060,(anonymous_112)
FN:1066,(anonymous_113)
FN:1088,(anonymous_114)
FN:1092,(anonymous_115)
FN:1102,(anonymous_116)
FN:1140,(anonymous_117)
FN:1149,(anonymous_118)
FN:1158,(anonymous_119)
FN:1170,(anonymous_120)
FN:1173,(anonymous_121)
FN:1177,(anonymous_122)
FN:1213,(anonymous_123)
FN:1230,(anonymous_124)
FN:1272,(anonymous_125)
FN:1280,(anonymous_126)
FN:1289,(anonymous_127)
FN:1297,(anonymous_128)
FN:1308,(anonymous_129)
FN:1311,(anonymous_130)
FN:1327,(anonymous_131)
FN:1335,(anonymous_132)
FN:1355,(anonymous_133)
FN:1362,(anonymous_134)
FN:1364,(anonymous_135)
FN:1389,(anonymous_136)
FN:1395,(anonymous_137)
FN:1406,(anonymous_138)
FN:1445,(anonymous_139)
FN:1455,(anonymous_140)
FN:1465,(anonymous_141)
FN:1475,(anonymous_142)
FN:1485,(anonymous_143)
FN:1504,(anonymous_144)
FN:1515,(anonymous_145)
FN:1543,(anonymous_146)
FN:1553,(anonymous_147)
FN:1564,(anonymous_148)
FN:1570,(anonymous_149)
FN:1584,UserIconRole
FN:1591,AvatarFallbackIcon
FNF:152
FNH:0
FNDA:0,getAbsoluteDate
FNDA:0,getActivityDateTime
FNDA:0,getDayDiff
FNDA:0,isGroupVisible
FNDA:0,isSameDay
FNDA:0,matchesDate
FNDA:0,ActivitiesPage
FNDA:0,(anonymous_7)
FNDA:0,(anonymous_8)
FNDA:0,(anonymous_9)
FNDA:0,(anonymous_10)
FNDA:0,(anonymous_11)
FNDA:0,(anonymous_12)
FNDA:0,(anonymous_13)
FNDA:0,(anonymous_14)
FNDA:0,(anonymous_15)
FNDA:0,(anonymous_16)
FNDA:0,(anonymous_17)
FNDA:0,(anonymous_18)
FNDA:0,(anonymous_19)
FNDA:0,(anonymous_20)
FNDA:0,(anonymous_21)
FNDA:0,(anonymous_22)
FNDA:0,(anonymous_23)
FNDA:0,(anonymous_24)
FNDA:0,(anonymous_25)
FNDA:0,(anonymous_26)
FNDA:0,(anonymous_27)
FNDA:0,(anonymous_28)
FNDA:0,(anonymous_29)
FNDA:0,(anonymous_30)
FNDA:0,(anonymous_31)
FNDA:0,(anonymous_32)
FNDA:0,(anonymous_33)
FNDA:0,(anonymous_34)
FNDA:0,(anonymous_35)
FNDA:0,(anonymous_36)
FNDA:0,(anonymous_37)
FNDA:0,(anonymous_38)
FNDA:0,(anonymous_39)
FNDA:0,(anonymous_40)
FNDA:0,(anonymous_41)
FNDA:0,(anonymous_42)
FNDA:0,(anonymous_43)
FNDA:0,(anonymous_44)
FNDA:0,(anonymous_45)
FNDA:0,(anonymous_46)
FNDA:0,(anonymous_47)
FNDA:0,(anonymous_48)
FNDA:0,(anonymous_49)
FNDA:0,(anonymous_50)
FNDA:0,(anonymous_51)
FNDA:0,(anonymous_52)
FNDA:0,(anonymous_53)
FNDA:0,(anonymous_54)
FNDA:0,(anonymous_55)
FNDA:0,(anonymous_56)
FNDA:0,(anonymous_57)
FNDA:0,(anonymous_58)
FNDA:0,(anonymous_59)
FNDA:0,(anonymous_60)
FNDA:0,(anonymous_61)
FNDA:0,(anonymous_62)
FNDA:0,(anonymous_63)
FNDA:0,(anonymous_64)
FNDA:0,(anonymous_65)
FNDA:0,(anonymous_66)
FNDA:0,(anonymous_67)
FNDA:0,(anonymous_68)
FNDA:0,(anonymous_69)
FNDA:0,(anonymous_70)
FNDA:0,(anonymous_71)
FNDA:0,(anonymous_72)
FNDA:0,(anonymous_73)
FNDA:0,(anonymous_74)
FNDA:0,(anonymous_75)
FNDA:0,(anonymous_76)
FNDA:0,(anonymous_77)
FNDA:0,(anonymous_78)
FNDA:0,(anonymous_79)
FNDA:0,(anonymous_80)
FNDA:0,(anonymous_81)
FNDA:0,(anonymous_82)
FNDA:0,(anonymous_83)
FNDA:0,(anonymous_84)
FNDA:0,(anonymous_85)
FNDA:0,(anonymous_86)
FNDA:0,(anonymous_87)
FNDA:0,(anonymous_88)
FNDA:0,(anonymous_89)
FNDA:0,(anonymous_90)
FNDA:0,(anonymous_91)
FNDA:0,(anonymous_92)
FNDA:0,(anonymous_93)
FNDA:0,(anonymous_94)
FNDA:0,(anonymous_95)
FNDA:0,(anonymous_96)
FNDA:0,(anonymous_97)
FNDA:0,(anonymous_98)
FNDA:0,(anonymous_99)
FNDA:0,(anonymous_100)
FNDA:0,(anonymous_101)
FNDA:0,(anonymous_102)
FNDA:0,(anonymous_103)
FNDA:0,(anonymous_104)
FNDA:0,(anonymous_105)
FNDA:0,(anonymous_106)
FNDA:0,(anonymous_107)
FNDA:0,(anonymous_108)
FNDA:0,(anonymous_109)
FNDA:0,(anonymous_110)
FNDA:0,(anonymous_111)
FNDA:0,(anonymous_112)
FNDA:0,(anonymous_113)
FNDA:0,(anonymous_114)
FNDA:0,(anonymous_115)
FNDA:0,(anonymous_116)
FNDA:0,(anonymous_117)
FNDA:0,(anonymous_118)
FNDA:0,(anonymous_119)
FNDA:0,(anonymous_120)
FNDA:0,(anonymous_121)
FNDA:0,(anonymous_122)
FNDA:0,(anonymous_123)
FNDA:0,(anonymous_124)
FNDA:0,(anonymous_125)
FNDA:0,(anonymous_126)
FNDA:0,(anonymous_127)
FNDA:0,(anonymous_128)
FNDA:0,(anonymous_129)
FNDA:0,(anonymous_130)
FNDA:0,(anonymous_131)
FNDA:0,(anonymous_132)
FNDA:0,(anonymous_133)
FNDA:0,(anonymous_134)
FNDA:0,(anonymous_135)
FNDA:0,(anonymous_136)
FNDA:0,(anonymous_137)
FNDA:0,(anonymous_138)
FNDA:0,(anonymous_139)
FNDA:0,(anonymous_140)
FNDA:0,(anonymous_141)
FNDA:0,(anonymous_142)
FNDA:0,(anonymous_143)
FNDA:0,(anonymous_144)
FNDA:0,(anonymous_145)
FNDA:0,(anonymous_146)
FNDA:0,(anonymous_147)
FNDA:0,(anonymous_148)
FNDA:0,(anonymous_149)
FNDA:0,UserIconRole
FNDA:0,AvatarFallbackIcon
DA:24,8
DA:25,8
DA:37,8
DA:52,8
DA:55,8
DA:58,0
DA:59,0
DA:60,0
DA:62,0
DA:63,0
DA:64,0
DA:65,0
DA:67,0
DA:68,0
DA:69,0
DA:70,0
DA:72,0
DA:73,0
DA:74,0
DA:75,0
DA:77,0
DA:78,0
DA:79,0
DA:81,0
DA:85,0
DA:86,0
DA:87,0
DA:88,0
DA:89,0
DA:93,0
DA:94,0
DA:95,0
DA:96,0
DA:97,0
DA:98,0
DA:102,0
DA:103,0
DA:104,0
DA:106,0
DA:107,0
DA:108,0
DA:109,0
DA:110,0
DA:111,0
DA:112,0
DA:113,0
DA:114,0
DA:115,0
DA:117,0
DA:121,0
DA:125,0
DA:126,0
DA:127,0
DA:128,0
DA:130,0
DA:131,0
DA:132,0
DA:133,0
DA:134,0
DA:135,0
DA:136,0
DA:137,0
DA:138,0
DA:140,0
DA:141,0
DA:142,0
DA:143,0
DA:145,0
DA:146,0
DA:147,0
DA:148,0
DA:149,0
DA:150,0
DA:151,0
DA:153,0
DA:154,0
DA:158,0
DA:160,0
DA:161,0
DA:163,0
DA:164,0
DA:165,0
DA:166,0
DA:167,0
DA:168,0
DA:169,0
DA:170,0
DA:171,0
DA:172,0
DA:173,0
DA:174,0
DA:178,0
DA:179,0
DA:180,0
DA:181,0
DA:182,0
DA:183,0
DA:184,0
DA:185,0
DA:186,0
DA:187,0
DA:188,0
DA:189,0
DA:190,0
DA:191,0
DA:192,0
DA:194,0
DA:195,0
DA:196,0
DA:197,0
DA:199,0
DA:200,0
DA:201,0
DA:202,0
DA:203,0
DA:205,0
DA:206,0
DA:207,0
DA:209,0
DA:210,0
DA:211,0
DA:212,0
DA:213,0
DA:214,0
DA:216,0
DA:217,0
DA:218,0
DA:219,0
DA:220,0
DA:221,0
DA:228,0
DA:229,0
DA:230,0
DA:232,0
DA:235,0
DA:236,0
DA:237,0
DA:239,0
DA:242,0
DA:243,0
DA:244,0
DA:245,0
DA:246,0
DA:247,0
DA:248,0
DA:253,0
DA:255,0
DA:259,0
DA:260,0
DA:261,0
DA:262,0
DA:264,0
DA:268,0
DA:269,0
DA:270,0
DA:271,0
DA:278,0
DA:279,0
DA:280,0
DA:282,0
DA:283,0
DA:284,0
DA:285,0
DA:299,0
DA:300,0
DA:301,0
DA:302,0
DA:305,0
DA:309,0
DA:310,0
DA:311,0
DA:313,0
DA:314,0
DA:315,0
DA:319,0
DA:321,0
DA:325,0
DA:330,0
DA:333,0
DA:334,0
DA:337,0
DA:338,0
DA:340,0
DA:341,0
DA:342,0
DA:343,0
DA:345,0
DA:346,0
DA:347,0
DA:348,0
DA:350,0
DA:351,0
DA:352,0
DA:354,0
DA:355,0
DA:357,0
DA:358,0
DA:359,0
DA:360,0
DA:362,0
DA:363,0
DA:366,0
DA:369,0
DA:370,0
DA:371,0
DA:372,0
DA:373,0
DA:374,0
DA:376,0
DA:377,0
DA:378,0
DA:379,0
DA:380,0
DA:381,0
DA:384,0
DA:385,0
DA:386,0
DA:387,0
DA:388,0
DA:389,0
DA:390,0
DA:391,0
DA:392,0
DA:395,0
DA:397,0
DA:401,0
DA:403,0
DA:409,0
DA:411,0
DA:412,0
DA:416,0
DA:417,0
DA:418,0
DA:419,0
DA:420,0
DA:423,0
DA:426,0
DA:427,0
DA:429,0
DA:431,0
DA:432,0
DA:433,0
DA:434,0
DA:435,0
DA:436,0
DA:438,0
DA:439,0
DA:448,0
DA:449,0
DA:451,0
DA:454,0
DA:455,0
DA:456,0
DA:457,0
DA:458,0
DA:459,0
DA:460,0
DA:462,0
DA:463,0
DA:469,0
DA:470,0
DA:471,0
DA:472,0
DA:476,0
DA:477,0
DA:478,0
DA:479,0
DA:483,0
DA:484,0
DA:485,0
DA:486,0
DA:487,0
DA:488,0
DA:490,0
DA:491,0
DA:492,0
DA:493,0
DA:496,0
DA:497,0
DA:498,0
DA:499,0
DA:500,0
DA:503,0
DA:504,0
DA:505,0
DA:506,0
DA:507,0
DA:508,0
DA:509,0
DA:512,0
DA:513,0
DA:516,0
DA:517,0
DA:519,0
DA:520,0
DA:521,0
DA:522,0
DA:523,0
DA:524,0
DA:528,0
DA:529,0
DA:530,0
DA:531,0
DA:532,0
DA:535,0
DA:537,0
DA:538,0
DA:540,0
DA:541,0
DA:542,0
DA:543,0
DA:544,0
DA:545,0
DA:550,0
DA:551,0
DA:552,0
DA:553,0
DA:554,0
DA:557,0
DA:559,0
DA:560,0
DA:561,0
DA:563,0
DA:564,0
DA:565,0
DA:566,0
DA:567,0
DA:568,0
DA:570,0
DA:571,0
DA:572,0
DA:573,0
DA:574,0
DA:575,0
DA:578,0
DA:579,0
DA:580,0
DA:581,0
DA:584,0
DA:585,0
DA:586,0
DA:589,0
DA:591,0
DA:592,0
DA:595,0
DA:596,0
DA:597,0
DA:598,0
DA:599,0
DA:600,0
DA:601,0
DA:602,0
DA:603,0
DA:604,0
DA:609,0
DA:610,0
DA:611,0
DA:612,0
DA:613,0
DA:615,0
DA:616,0
DA:617,0
DA:618,0
DA:619,0
DA:620,0
DA:621,0
DA:622,0
DA:623,0
DA:624,0
DA:625,0
DA:626,0
DA:627,0
DA:628,0
DA:629,0
DA:630,0
DA:631,0
DA:632,0
DA:633,0
DA:634,0
DA:635,0
DA:636,0
DA:637,0
DA:638,0
DA:639,0
DA:643,0
DA:644,0
DA:645,0
DA:647,0
DA:655,0
DA:668,0
DA:669,0
DA:670,0
DA:672,0
DA:676,0
DA:677,0
DA:680,0
DA:681,0
DA:702,0
DA:703,0
DA:704,0
DA:705,0
DA:721,0
DA:723,0
DA:739,0
DA:759,0
DA:773,0
DA:786,0
DA:790,0
DA:791,0
DA:798,0
DA:799,0
DA:800,0
DA:814,0
DA:815,0
DA:816,0
DA:817,0
DA:818,0
DA:819,0
DA:820,0
DA:837,0
DA:839,0
DA:855,0
DA:865,0
DA:875,0
DA:885,0
DA:907,0
DA:908,0
DA:910,0
DA:911,0
DA:920,0
DA:921,0
DA:923,0
DA:924,0
DA:933,0
DA:934,0
DA:936,0
DA:937,0
DA:946,0
DA:947,0
DA:949,0
DA:950,0
DA:970,0
DA:971,0
DA:972,0
DA:973,0
DA:975,0
DA:980,0
DA:981,0
DA:983,0
DA:1008,0
DA:1009,0
DA:1010,0
DA:1016,0
DA:1058,0
DA:1059,0
DA:1060,0
DA:1066,0
DA:1089,0
DA:1090,0
DA:1092,0
DA:1102,0
DA:1140,0
DA:1149,0
DA:1158,0
DA:1170,0
DA:1173,0
DA:1177,0
DA:1213,0
DA:1230,0
DA:1272,0
DA:1280,0
DA:1289,0
DA:1297,0
DA:1308,0
DA:1312,0
DA:1327,0
DA:1335,0
DA:1356,0
DA:1357,0
DA:1358,0
DA:1363,0
DA:1364,0
DA:1366,0
DA:1389,0
DA:1395,0
DA:1406,0
DA:1445,0
DA:1455,0
DA:1465,0
DA:1475,0
DA:1485,0
DA:1504,0
DA:1515,0
DA:1543,0
DA:1553,0
DA:1564,0
DA:1570,0
DA:1585,0
LF:498
LH:5
BRDA:59,0,0,0
BRDA:62,1,0,0
BRDA:67,2,0,0
BRDA:72,3,0,0
BRDA:78,4,0,0
BRDA:88,5,0,0
BRDA:88,5,1,0
BRDA:88,6,0,0
BRDA:88,6,1,0
BRDA:103,7,0,0
BRDA:104,8,0,0
BRDA:104,8,1,0
BRDA:106,9,0,0
BRDA:115,10,0,0
BRDA:115,10,1,0
BRDA:121,11,0,0
BRDA:121,11,1,0
BRDA:121,11,2,0
BRDA:121,11,3,0
BRDA:121,11,4,0
BRDA:125,12,0,0
BRDA:131,13,0,0
BRDA:134,14,0,0
BRDA:135,15,0,0
BRDA:140,16,0,0
BRDA:145,17,0,0
BRDA:151,18,0,0
BRDA:151,18,1,0
BRDA:153,19,0,0
BRDA:200,20,0,0
BRDA:200,21,0,0
BRDA:200,21,1,0
BRDA:202,22,0,0
BRDA:202,22,1,0
BRDA:206,23,0,0
BRDA:206,23,1,0
BRDA:211,24,0,0
BRDA:214,25,0,0
BRDA:214,25,1,0
BRDA:214,26,0,0
BRDA:214,26,1,0
BRDA:214,27,0,0
BRDA:214,27,1,0
BRDA:217,28,0,0
BRDA:218,29,0,0
BRDA:219,30,0,0
BRDA:220,31,0,0
BRDA:246,32,0,0
BRDA:282,33,0,0
BRDA:282,33,1,0
BRDA:311,34,0,0
BRDA:315,35,0,0
BRDA:315,35,1,0
BRDA:334,36,0,0
BRDA:334,36,1,0
BRDA:338,37,0,0
BRDA:345,38,0,0
BRDA:345,38,1,0
BRDA:347,39,0,0
BRDA:347,39,1,0
BRDA:354,40,0,0
BRDA:354,40,1,0
BRDA:362,41,0,0
BRDA:362,42,0,0
BRDA:362,42,1,0
BRDA:370,43,0,0
BRDA:370,43,1,0
BRDA:372,44,0,0
BRDA:372,44,1,0
BRDA:373,45,0,0
BRDA:373,45,1,0
BRDA:374,46,0,0
BRDA:374,46,1,0
BRDA:376,47,0,0
BRDA:376,47,1,0
BRDA:378,48,0,0
BRDA:380,49,0,0
BRDA:385,50,0,0
BRDA:385,50,1,0
BRDA:387,51,0,0
BRDA:389,52,0,0
BRDA:391,53,0,0
BRDA:419,54,0,0
BRDA:427,55,0,0
BRDA:431,56,0,0
BRDA:431,57,0,0
BRDA:431,57,1,0
BRDA:435,58,0,0
BRDA:448,59,0,0
BRDA:455,60,0,0
BRDA:459,61,0,0
BRDA:471,62,0,0
BRDA:478,63,0,0
BRDA:485,64,0,0
BRDA:486,65,0,0
BRDA:497,66,0,0
BRDA:498,67,0,0
BRDA:504,68,0,0
BRDA:506,69,0,0
BRDA:507,70,0,0
BRDA:508,71,0,0
BRDA:512,72,0,0
BRDA:512,72,1,0
BRDA:512,73,0,0
BRDA:512,73,1,0
BRDA:512,74,0,0
BRDA:512,74,1,0
BRDA:516,75,0,0
BRDA:516,75,1,0
BRDA:519,76,0,0
BRDA:519,76,1,0
BRDA:530,77,0,0
BRDA:531,78,0,0
BRDA:538,79,0,0
BRDA:538,79,1,0
BRDA:538,80,0,0
BRDA:538,80,1,0
BRDA:543,81,0,0
BRDA:552,82,0,0
BRDA:553,83,0,0
BRDA:564,84,0,0
BRDA:564,84,1,0
BRDA:570,85,0,0
BRDA:570,85,1,0
BRDA:572,86,0,0
BRDA:572,86,1,0
BRDA:574,87,0,0
BRDA:578,88,0,0
BRDA:578,88,1,0
BRDA:585,89,0,0
BRDA:596,90,0,0
BRDA:596,90,1,0
BRDA:600,91,0,0
BRDA:600,91,1,0
BRDA:615,92,0,0
BRDA:615,92,1,0
BRDA:620,93,0,0
BRDA:620,93,1,0
BRDA:625,94,0,0
BRDA:625,94,1,0
BRDA:630,95,0,0
BRDA:630,95,1,0
BRDA:635,96,0,0
BRDA:645,97,0,0
BRDA:645,98,0,0
BRDA:645,98,1,0
BRDA:657,99,0,0
BRDA:657,99,1,0
BRDA:703,100,0,0
BRDA:703,100,1,0
BRDA:725,101,0,0
BRDA:725,101,1,0
BRDA:748,102,0,0
BRDA:748,102,1,0
BRDA:748,102,2,0
BRDA:795,103,0,0
BRDA:795,103,1,0
BRDA:795,103,2,0
BRDA:809,104,0,0
BRDA:809,104,1,0
BRDA:809,104,2,0
BRDA:809,104,3,0
BRDA:809,104,4,0
BRDA:809,104,5,0
BRDA:809,104,6,0
BRDA:841,105,0,0
BRDA:841,105,1,0
BRDA:865,106,0,0
BRDA:865,106,1,0
BRDA:867,107,0,0
BRDA:867,107,1,0
BRDA:875,108,0,0
BRDA:875,108,1,0
BRDA:877,109,0,0
BRDA:877,109,1,0
BRDA:885,110,0,0
BRDA:885,110,1,0
BRDA:887,111,0,0
BRDA:887,111,1,0
BRDA:898,112,0,0
BRDA:964,113,0,0
BRDA:973,114,0,0
BRDA:973,114,1,0
BRDA:993,115,0,0
BRDA:993,115,1,0
BRDA:1006,116,0,0
BRDA:1005,117,0,0
BRDA:1005,117,1,0
BRDA:1009,118,0,0
BRDA:1009,118,1,0
BRDA:1023,119,0,0
BRDA:1023,119,1,0
BRDA:1029,120,0,0
BRDA:1031,121,0,0
BRDA:1031,121,1,0
BRDA:1033,122,0,0
BRDA:1033,122,1,0
BRDA:1037,123,0,0
BRDA:1037,123,1,0
BRDA:1042,124,0,0
BRDA:1054,125,0,0
BRDA:1054,125,1,0
BRDA:1054,126,0,0
BRDA:1054,126,1,0
BRDA:1059,127,0,0
BRDA:1059,127,1,0
BRDA:1071,128,0,0
BRDA:1071,128,1,0
BRDA:1086,129,0,0
BRDA:1085,130,0,0
BRDA:1085,130,1,0
BRDA:1108,131,0,0
BRDA:1108,131,1,0
BRDA:1111,132,0,0
BRDA:1120,133,0,0
BRDA:1122,134,0,0
BRDA:1144,135,0,0
BRDA:1144,135,1,0
BRDA:1192,136,0,0
BRDA:1199,137,0,0
BRDA:1212,138,0,0
BRDA:1213,139,0,0
BRDA:1213,139,1,0
BRDA:1216,140,0,0
BRDA:1230,141,0,0
BRDA:1230,141,1,0
BRDA:1245,142,0,0
BRDA:1254,143,0,0
BRDA:1318,144,0,0
BRDA:1363,145,0,0
BRDA:1363,145,1,0
BRDA:1370,146,0,0
BRDA:1370,146,1,0
BRDA:1388,147,0,0
BRDA:1388,147,1,0
BRDA:1405,148,0,0
BRDA:1406,149,0,0
BRDA:1406,149,1,0
BRDA:1433,150,0,0
BRDA:1433,150,1,0
BRDA:1437,151,0,0
BRDA:1437,151,1,0
BRDA:1585,152,0,0
BRF:243
BRH:0
end_of_record
TN:
SF:src\routes\_app.calendar.tsx
FN:47,parseYYYYMMDD
FN:55,getMonday
FN:61,fmtTime
FN:67,fmtEventDate
FN:74,EventDetails
FN:113,CalendarPage
FN:121,(anonymous_6)
FN:128,(anonymous_7)
FN:129,(anonymous_8)
FN:137,(anonymous_9)
FN:138,(anonymous_10)
FN:144,(anonymous_11)
FN:146,(anonymous_12)
FN:212,(anonymous_13)
FN:217,(anonymous_14)
FN:222,(anonymous_15)
FN:232,(anonymous_16)
FN:236,(anonymous_17)
FN:240,(anonymous_18)
FN:250,(anonymous_19)
FN:258,(anonymous_20)
FN:265,(anonymous_21)
FN:266,(anonymous_22)
FN:266,(anonymous_23)
FN:280,(anonymous_24)
FN:285,(anonymous_25)
FN:306,(anonymous_26)
FN:311,(anonymous_27)
FN:327,(anonymous_28)
FN:333,(anonymous_29)
FN:352,(anonymous_30)
FN:364,(anonymous_31)
FN:374,(anonymous_32)
FN:386,(anonymous_33)
FN:389,(anonymous_34)
FN:413,(anonymous_35)
FN:424,(anonymous_36)
FN:430,(anonymous_37)
FN:432,(anonymous_38)
FN:436,(anonymous_39)
FN:437,(anonymous_40)
FN:470,LegendDot
FN:478,MonthView
FN:479,(anonymous_44)
FN:481,(anonymous_45)
FN:485,(anonymous_46)
FN:506,(anonymous_47)
FN:511,(anonymous_48)
FN:523,(anonymous_49)
FN:545,ListView
FN:553,(anonymous_51)
FN:557,(anonymous_52)
FN:558,(anonymous_53)
FN:563,(anonymous_54)
FN:577,(anonymous_55)
FNF:55
FNH:47
FNDA:196,parseYYYYMMDD
FNDA:6,getMonday
FNDA:16,fmtTime
FNDA:2,fmtEventDate
FNDA:2,EventDetails
FNDA:38,CalendarPage
FNDA:26,(anonymous_6)
FNDA:26,(anonymous_7)
FNDA:182,(anonymous_8)
FNDA:26,(anonymous_9)
FNDA:182,(anonymous_10)
FNDA:418,(anonymous_11)
FNDA:110,(anonymous_12)
FNDA:36,(anonymous_13)
FNDA:110,(anonymous_14)
FNDA:78,(anonymous_15)
FNDA:54,(anonymous_16)
FNDA:26,(anonymous_17)
FNDA:26,(anonymous_18)
FNDA:26,(anonymous_19)
FNDA:26,(anonymous_20)
FNDA:1,(anonymous_21)
FNDA:2,(anonymous_22)
FNDA:8,(anonymous_23)
FNDA:1,(anonymous_24)
FNDA:1,(anonymous_25)
FNDA:152,(anonymous_26)
FNDA:1,(anonymous_27)
FNDA:1,(anonymous_28)
FNDA:2,(anonymous_29)
FNDA:1,(anonymous_30)
FNDA:1,(anonymous_31)
FNDA:1,(anonymous_32)
FNDA:152,(anonymous_33)
FNDA:1,(anonymous_34)
FNDA:238,(anonymous_35)
FNDA:374,(anonymous_36)
FNDA:238,(anonymous_37)
FNDA:2618,(anonymous_38)
FNDA:546,(anonymous_39)
FNDA:78,(anonymous_40)
FNDA:152,LegendDot
FNDA:0,MonthView
FNDA:0,(anonymous_44)
FNDA:0,(anonymous_45)
FNDA:0,(anonymous_46)
FNDA:0,(anonymous_47)
FNDA:0,(anonymous_48)
FNDA:0,(anonymous_49)
FNDA:4,ListView
FNDA:14,(anonymous_51)
FNDA:42,(anonymous_52)
FNDA:0,(anonymous_53)
FNDA:14,(anonymous_54)
FNDA:6,(anonymous_55)
DA:20,8
DA:27,8
DA:28,8
DA:34,8
DA:40,8
DA:48,196
DA:49,196
DA:50,196
DA:51,196
DA:52,196
DA:56,6
DA:57,6
DA:58,6
DA:62,16
DA:63,16
DA:64,16
DA:68,2
DA:69,2
DA:70,2
DA:114,38
DA:115,38
DA:116,38
DA:117,38
DA:119,38
DA:121,38
DA:122,26
DA:123,6
DA:125,20
DA:128,38
DA:129,26
DA:130,182
DA:131,182
DA:132,182
DA:136,38
DA:137,38
DA:138,26
DA:139,182
DA:140,182
DA:144,418
DA:146,38
DA:147,110
DA:148,110
DA:149,74
DA:150,38
DA:151,2
DA:153,110
DA:154,110
DA:155,110
DA:156,110
DA:157,110
DA:158,110
DA:159,110
DA:160,110
DA:165,110
DA:166,110
DA:167,110
DA:168,110
DA:169,72
DA:170,72
DA:171,72
DA:172,72
DA:173,38
DA:174,38
DA:175,38
DA:179,110
DA:180,110
DA:181,36
DA:182,74
DA:183,36
DA:184,38
DA:185,0
DA:186,38
DA:187,0
DA:188,38
DA:189,0
DA:190,38
DA:191,38
DA:193,0
DA:194,0
DA:195,0
DA:197,0
DA:201,110
DA:212,38
DA:213,36
DA:214,36
DA:215,36
DA:217,36
DA:218,110
DA:219,110
DA:220,110
DA:221,110
DA:223,78
DA:224,78
DA:225,78
DA:232,38
DA:233,54
DA:236,38
DA:237,26
DA:240,38
DA:241,26
DA:242,26
DA:243,26
DA:244,24
DA:246,2
DA:250,38
DA:251,26
DA:252,26
DA:253,26
DA:254,26
DA:255,26
DA:258,38
DA:259,26
DA:260,26
DA:261,26
DA:262,26
DA:265,38
DA:266,8
DA:280,1
DA:285,1
DA:307,152
DA:308,152
DA:311,1
DA:327,1
DA:333,2
DA:353,1
DA:354,1
DA:355,1
DA:365,1
DA:375,1
DA:376,1
DA:377,1
DA:387,152
DA:389,1
DA:414,238
DA:425,374
DA:431,238
DA:433,2618
DA:436,546
DA:438,78
DA:439,78
DA:440,78
DA:479,0
DA:481,0
DA:482,0
DA:483,0
DA:485,0
DA:486,0
DA:487,0
DA:488,0
DA:489,0
DA:490,0
DA:491,0
DA:492,0
DA:494,0
DA:495,0
DA:496,0
DA:499,0
DA:507,0
DA:512,0
DA:513,0
DA:514,0
DA:516,0
DA:524,0
DA:525,0
DA:526,0
DA:527,0
DA:529,0
DA:546,4
DA:553,14
DA:557,42
DA:558,0
DA:565,14
DA:578,6
LF:173
LH:139
BRDA:57,0,0,0
BRDA:57,0,1,6
BRDA:68,1,0,0
BRDA:95,2,0,2
BRDA:122,3,0,6
BRDA:148,4,0,36
BRDA:148,4,1,74
BRDA:149,5,0,36
BRDA:149,5,1,38
BRDA:149,6,0,74
BRDA:149,6,1,38
BRDA:150,7,0,36
BRDA:150,7,1,2
BRDA:150,8,0,38
BRDA:150,8,1,2
BRDA:150,8,2,2
BRDA:154,9,0,110
BRDA:156,10,0,110
BRDA:159,11,0,110
BRDA:159,12,0,110
BRDA:159,12,1,110
BRDA:166,13,0,110
BRDA:168,14,0,72
BRDA:168,14,1,38
BRDA:170,15,0,72
BRDA:170,15,1,0
BRDA:171,16,0,72
BRDA:171,16,1,72
BRDA:173,17,0,38
BRDA:174,18,0,38
BRDA:174,18,1,0
BRDA:180,19,0,36
BRDA:180,19,1,74
BRDA:182,20,0,36
BRDA:182,20,1,38
BRDA:184,21,0,0
BRDA:184,21,1,38
BRDA:186,22,0,0
BRDA:186,22,1,38
BRDA:188,23,0,0
BRDA:188,23,1,38
BRDA:188,24,0,38
BRDA:188,24,1,38
BRDA:190,25,0,38
BRDA:190,25,1,0
BRDA:194,26,0,0
BRDA:194,26,1,0
BRDA:219,27,0,110
BRDA:219,27,1,98
BRDA:221,28,0,110
BRDA:221,28,1,92
BRDA:243,29,0,24
BRDA:243,29,1,2
BRDA:252,30,0,26
BRDA:252,30,1,0
BRDA:266,31,0,2
BRDA:266,31,1,0
BRDA:283,32,0,38
BRDA:283,32,1,6
BRDA:315,33,0,134
BRDA:315,33,1,18
BRDA:318,34,0,152
BRDA:390,35,0,38
BRDA:390,35,1,114
BRDA:405,36,0,4
BRDA:405,36,1,34
BRDA:407,37,0,34
BRDA:407,37,1,0
BRDA:414,38,0,34
BRDA:414,38,1,204
BRDA:416,39,0,34
BRDA:416,39,1,204
BRDA:431,40,0,34
BRDA:431,40,1,204
BRDA:482,41,0,0
BRDA:482,42,0,0
BRDA:482,42,1,0
BRDA:487,43,0,0
BRDA:487,43,1,0
BRDA:488,44,0,0
BRDA:488,44,1,0
BRDA:489,45,0,0
BRDA:489,45,1,0
BRDA:490,46,0,0
BRDA:490,46,1,0
BRDA:491,47,0,0
BRDA:491,47,1,0
BRDA:491,48,0,0
BRDA:491,48,1,0
BRDA:492,49,0,0
BRDA:492,49,1,0
BRDA:495,50,0,0
BRDA:513,51,0,0
BRDA:513,51,1,0
BRDA:517,52,0,0
BRDA:517,52,1,0
BRDA:518,53,0,0
BRDA:518,53,1,0
BRDA:518,54,0,0
BRDA:518,54,1,0
BRDA:519,55,0,0
BRDA:519,55,1,0
BRDA:519,56,0,0
BRDA:519,56,1,0
BRDA:521,57,0,0
BRDA:521,57,1,0
BRDA:525,58,0,0
BRDA:525,58,1,0
BRDA:525,59,0,0
BRDA:525,59,1,0
BRDA:526,60,0,0
BRDA:526,60,1,0
BRDA:526,61,0,0
BRDA:526,61,1,0
BRDA:527,62,0,0
BRDA:546,63,0,2
BRDA:565,64,0,14
BRDA:565,64,1,6
BRDA:568,65,0,0
BRDA:568,65,1,6
BRF:120
BRH:65
end_of_record
TN:
SF:src\routes\_app.clients.$id.tsx
FN:33,clientLoader
FN:34,(anonymous_1)
FN:41,ClientDetail
FN:50,(anonymous_3)
FN:54,(anonymous_4)
FN:55,(anonymous_5)
FN:56,(anonymous_6)
FN:98,(anonymous_7)
FN:205,(anonymous_8)
FN:223,(anonymous_9)
FN:252,(anonymous_10)
FN:276,(anonymous_11)
FN:335,(anonymous_12)
FN:377,(anonymous_13)
FN:384,(anonymous_14)
FN:404,(anonymous_15)
FN:407,(anonymous_16)
FN:414,(anonymous_17)
FN:425,(anonymous_18)
FN:442,(anonymous_19)
FN:443,(anonymous_20)
FN:457,(anonymous_21)
FN:477,QuickAction
FN:489,InfoRow
FN:499,DetailRow
FN:508,Field
FN:517,ActivityList
FN:520,(anonymous_28)
FN:534,MiniStat
FN:548,EmptyBlock
FNF:30
FNH:0
FNDA:0,clientLoader
FNDA:0,(anonymous_1)
FNDA:0,ClientDetail
FNDA:0,(anonymous_3)
FNDA:0,(anonymous_4)
FNDA:0,(anonymous_5)
FNDA:0,(anonymous_6)
FNDA:0,(anonymous_7)
FNDA:0,(anonymous_8)
FNDA:0,(anonymous_9)
FNDA:0,(anonymous_10)
FNDA:0,(anonymous_11)
FNDA:0,(anonymous_12)
FNDA:0,(anonymous_13)
FNDA:0,(anonymous_14)
FNDA:0,(anonymous_15)
FNDA:0,(anonymous_16)
FNDA:0,(anonymous_17)
FNDA:0,(anonymous_18)
FNDA:0,(anonymous_19)
FNDA:0,(anonymous_20)
FNDA:0,(anonymous_21)
FNDA:0,QuickAction
FNDA:0,InfoRow
FNDA:0,DetailRow
FNDA:0,Field
FNDA:0,ActivityList
FNDA:0,(anonymous_28)
FNDA:0,MiniStat
FNDA:0,EmptyBlock
DA:34,0
DA:35,0
DA:36,0
DA:38,0
DA:42,0
DA:44,0
DA:48,0
DA:50,0
DA:51,0
DA:52,0
DA:53,0
DA:54,0
DA:55,0
DA:56,0
DA:59,0
DA:60,0
DA:63,0
DA:99,0
DA:206,0
DA:224,0
DA:253,0
DA:277,0
DA:336,0
DA:377,0
DA:385,0
DA:404,0
DA:408,0
DA:409,0
DA:410,0
DA:415,0
DA:416,0
DA:417,0
DA:426,0
DA:443,0
DA:448,0
DA:458,0
DA:521,0
DA:543,8
LF:38
LH:1
BRDA:35,0,0,0
BRDA:45,1,0,0
BRDA:45,1,1,0
BRDA:46,2,0,0
BRDA:46,2,1,0
BRDA:50,3,0,0
BRDA:50,3,1,0
BRDA:87,4,0,0
BRDA:87,4,1,0
BRDA:212,5,0,0
BRDA:212,5,1,0
BRDA:218,6,0,0
BRDA:223,7,0,0
BRDA:223,7,1,0
BRDA:264,8,0,0
BRDA:264,8,1,0
BRDA:270,9,0,0
BRDA:276,10,0,0
BRDA:276,10,1,0
BRDA:290,11,0,0
BRDA:290,11,1,0
BRDA:292,12,0,0
BRDA:297,13,0,0
BRDA:328,14,0,0
BRDA:331,15,0,0
BRDA:331,15,1,0
BRDA:331,16,0,0
BRDA:331,16,1,0
BRDA:408,17,0,0
BRDA:408,18,0,0
BRDA:408,18,1,0
BRDA:415,19,0,0
BRDA:421,20,0,0
BRDA:421,20,1,0
BRDA:443,21,0,0
BRDA:443,21,1,0
BRDA:445,22,0,0
BRDA:445,22,1,0
BRDA:445,23,0,0
BRDA:445,23,1,0
BRDA:453,24,0,0
BRDA:453,24,1,0
BRDA:481,25,0,0
BRDA:481,25,1,0
BRDA:482,26,0,0
BRDA:482,26,1,0
BRDA:494,27,0,0
BRF:47
BRH:0
end_of_record
TN:
SF:src\routes\_app.clients.tsx
FN:68,ClientsPage
FN:88,(anonymous_1)
FN:88,(anonymous_2)
FN:89,(anonymous_3)
FN:89,(anonymous_4)
FN:90,(anonymous_5)
FN:90,(anonymous_6)
FN:92,(anonymous_7)
FN:93,(anonymous_8)
FN:94,(anonymous_9)
FN:95,(anonymous_10)
FN:96,(anonymous_11)
FN:97,(anonymous_12)
FN:97,(anonymous_13)
FN:100,(anonymous_14)
FN:111,(anonymous_15)
FN:112,(anonymous_16)
FN:117,(anonymous_17)
FN:124,(anonymous_18)
FN:129,(anonymous_19)
FN:130,(anonymous_20)
FN:133,(anonymous_21)
FN:136,(anonymous_22)
FN:143,(anonymous_23)
FN:157,(anonymous_24)
FN:171,(anonymous_25)
FN:171,(anonymous_26)
FN:184,(anonymous_27)
FN:212,(anonymous_28)
FN:223,(anonymous_29)
FN:232,(anonymous_30)
FN:233,(anonymous_31)
FN:234,(anonymous_32)
FN:242,(anonymous_33)
FN:243,(anonymous_34)
FN:244,(anonymous_35)
FN:252,(anonymous_36)
FN:253,(anonymous_37)
FN:254,(anonymous_38)
FN:262,(anonymous_39)
FN:263,(anonymous_40)
FN:264,(anonymous_41)
FN:272,(anonymous_42)
FN:273,(anonymous_43)
FN:274,(anonymous_44)
FN:282,(anonymous_45)
FN:297,(anonymous_46)
FN:304,(anonymous_47)
FN:343,(anonymous_48)
FN:368,(anonymous_49)
FN:485,(anonymous_50)
FN:497,(anonymous_51)
FN:501,(anonymous_52)
FN:511,(anonymous_53)
FN:534,(anonymous_54)
FN:537,(anonymous_55)
FN:580,(anonymous_56)
FN:603,(anonymous_57)
FN:615,(anonymous_58)
FN:616,(anonymous_59)
FN:629,(anonymous_60)
FN:641,(anonymous_61)
FN:653,(anonymous_62)
FN:665,(anonymous_63)
FN:677,(anonymous_64)
FN:689,(anonymous_65)
FN:706,(anonymous_66)
FN:724,ClientDetailsModal
FN:787,(anonymous_69)
FN:984,(anonymous_70)
FN:1059,ContactRow
FN:1094,CommercialRow
FN:1109,FilterDropdown
FN:1143,(anonymous_74)
FN:1149,(anonymous_75)
FNF:75
FNH:0
FNDA:0,ClientsPage
FNDA:0,(anonymous_1)
FNDA:0,(anonymous_2)
FNDA:0,(anonymous_3)
FNDA:0,(anonymous_4)
FNDA:0,(anonymous_5)
FNDA:0,(anonymous_6)
FNDA:0,(anonymous_7)
FNDA:0,(anonymous_8)
FNDA:0,(anonymous_9)
FNDA:0,(anonymous_10)
FNDA:0,(anonymous_11)
FNDA:0,(anonymous_12)
FNDA:0,(anonymous_13)
FNDA:0,(anonymous_14)
FNDA:0,(anonymous_15)
FNDA:0,(anonymous_16)
FNDA:0,(anonymous_17)
FNDA:0,(anonymous_18)
FNDA:0,(anonymous_19)
FNDA:0,(anonymous_20)
FNDA:0,(anonymous_21)
FNDA:0,(anonymous_22)
FNDA:0,(anonymous_23)
FNDA:0,(anonymous_24)
FNDA:0,(anonymous_25)
FNDA:0,(anonymous_26)
FNDA:0,(anonymous_27)
FNDA:0,(anonymous_28)
FNDA:0,(anonymous_29)
FNDA:0,(anonymous_30)
FNDA:0,(anonymous_31)
FNDA:0,(anonymous_32)
FNDA:0,(anonymous_33)
FNDA:0,(anonymous_34)
FNDA:0,(anonymous_35)
FNDA:0,(anonymous_36)
FNDA:0,(anonymous_37)
FNDA:0,(anonymous_38)
FNDA:0,(anonymous_39)
FNDA:0,(anonymous_40)
FNDA:0,(anonymous_41)
FNDA:0,(anonymous_42)
FNDA:0,(anonymous_43)
FNDA:0,(anonymous_44)
FNDA:0,(anonymous_45)
FNDA:0,(anonymous_46)
FNDA:0,(anonymous_47)
FNDA:0,(anonymous_48)
FNDA:0,(anonymous_49)
FNDA:0,(anonymous_50)
FNDA:0,(anonymous_51)
FNDA:0,(anonymous_52)
FNDA:0,(anonymous_53)
FNDA:0,(anonymous_54)
FNDA:0,(anonymous_55)
FNDA:0,(anonymous_56)
FNDA:0,(anonymous_57)
FNDA:0,(anonymous_58)
FNDA:0,(anonymous_59)
FNDA:0,(anonymous_60)
FNDA:0,(anonymous_61)
FNDA:0,(anonymous_62)
FNDA:0,(anonymous_63)
FNDA:0,(anonymous_64)
FNDA:0,(anonymous_65)
FNDA:0,(anonymous_66)
FNDA:0,ClientDetailsModal
FNDA:0,(anonymous_69)
FNDA:0,(anonymous_70)
FNDA:0,ContactRow
FNDA:0,CommercialRow
FNDA:0,FilterDropdown
FNDA:0,(anonymous_74)
FNDA:0,(anonymous_75)
DA:52,8
DA:59,8
DA:66,8
DA:69,0
DA:70,0
DA:71,0
DA:72,0
DA:73,0
DA:74,0
DA:77,0
DA:78,0
DA:79,0
DA:80,0
DA:81,0
DA:84,0
DA:85,0
DA:88,0
DA:89,0
DA:90,0
DA:92,0
DA:93,0
DA:94,0
DA:95,0
DA:96,0
DA:97,0
DA:100,0
DA:102,0
DA:108,0
DA:109,0
DA:111,0
DA:112,0
DA:117,0
DA:118,0
DA:121,0
DA:122,0
DA:124,0
DA:125,0
DA:126,0
DA:129,0
DA:130,0
DA:133,0
DA:134,0
DA:135,0
DA:136,0
DA:138,0
DA:139,0
DA:143,0
DA:144,0
DA:157,0
DA:170,0
DA:171,0
DA:173,0
DA:176,0
DA:177,0
DA:178,0
DA:179,0
DA:180,0
DA:181,0
DA:184,0
DA:185,0
DA:186,0
DA:190,0
DA:212,0
DA:223,0
DA:233,0
DA:234,0
DA:243,0
DA:244,0
DA:253,0
DA:254,0
DA:263,0
DA:264,0
DA:273,0
DA:274,0
DA:283,0
DA:284,0
DA:285,0
DA:286,0
DA:287,0
DA:288,0
DA:297,0
DA:304,0
DA:344,0
DA:345,0
DA:346,0
DA:348,0
DA:368,0
DA:485,0
DA:497,0
DA:502,0
DA:503,0
DA:511,0
DA:535,0
DA:537,0
DA:581,0
DA:603,0
DA:615,0
DA:616,0
DA:630,0
DA:642,0
DA:654,0
DA:666,0
DA:678,0
DA:690,0
DA:706,0
DA:733,0
DA:734,0
DA:788,0
DA:985,0
DA:1144,0
DA:1145,0
DA:1149,0
LF:112
LH:3
BRDA:90,0,0,0
BRDA:90,0,1,0
BRDA:93,1,0,0
BRDA:93,1,1,0
BRDA:94,2,0,0
BRDA:94,2,1,0
BRDA:95,3,0,0
BRDA:95,3,1,0
BRDA:96,4,0,0
BRDA:96,4,1,0
BRDA:97,5,0,0
BRDA:97,5,1,0
BRDA:121,6,0,0
BRDA:121,6,1,0
BRDA:134,7,0,0
BRDA:136,8,0,0
BRDA:136,8,1,0
BRDA:190,9,0,0
BRDA:190,9,1,0
BRDA:190,9,2,0
BRDA:190,9,3,0
BRDA:190,9,4,0
BRDA:190,9,5,0
BRDA:234,10,0,0
BRDA:234,10,1,0
BRDA:244,11,0,0
BRDA:244,11,1,0
BRDA:254,12,0,0
BRDA:254,12,1,0
BRDA:264,13,0,0
BRDA:264,13,1,0
BRDA:274,14,0,0
BRDA:274,14,1,0
BRDA:278,15,0,0
BRDA:298,16,0,0
BRDA:298,16,1,0
BRDA:305,17,0,0
BRDA:305,17,1,0
BRDA:334,18,0,0
BRDA:334,18,1,0
BRDA:373,19,0,0
BRDA:373,19,1,0
BRDA:397,20,0,0
BRDA:400,21,0,0
BRDA:400,21,1,0
BRDA:433,22,0,0
BRDA:442,23,0,0
BRDA:442,23,1,0
BRDA:443,24,0,0
BRDA:443,24,1,0
BRDA:445,25,0,0
BRDA:457,26,0,0
BRDA:457,26,1,0
BRDA:467,27,0,0
BRDA:467,27,1,0
BRDA:529,28,0,0
BRDA:529,28,1,0
BRDA:543,29,0,0
BRDA:543,29,1,0
BRDA:557,30,0,0
BRDA:557,30,1,0
BRDA:600,31,0,0
BRDA:603,32,0,0
BRDA:603,32,1,0
BRDA:607,33,0,0
BRDA:607,33,1,0
BRDA:613,34,0,0
BRDA:741,35,0,0
BRDA:741,35,1,0
BRDA:760,36,0,0
BRDA:760,36,1,0
BRDA:768,37,0,0
BRDA:774,38,0,0
BRDA:774,38,1,0
BRDA:785,39,0,0
BRDA:837,40,0,0
BRDA:837,40,1,0
BRDA:851,41,0,0
BRDA:851,41,1,0
BRDA:892,42,0,0
BRDA:892,42,1,0
BRDA:901,43,0,0
BRDA:901,43,1,0
BRDA:929,44,0,0
BRDA:929,44,1,0
BRDA:931,45,0,0
BRDA:954,46,0,0
BRDA:954,46,1,0
BRDA:956,47,0,0
BRDA:978,48,0,0
BRDA:1009,49,0,0
BRDA:1009,49,1,0
BRDA:1011,50,0,0
BRDA:1011,50,1,0
BRDA:1013,51,0,0
BRDA:1013,51,1,0
BRDA:1086,52,0,0
BRDA:1124,53,0,0
BRDA:1124,53,1,0
BRDA:1130,54,0,0
BRF:100
BRH:0
end_of_record
TN:
SF:src\routes\_app.index.tsx
FN:21,Dashboard
FN:30,(anonymous_1)
FN:31,(anonymous_2)
FN:31,(anonymous_3)
FN:32,(anonymous_4)
FN:35,(anonymous_5)
FN:36,(anonymous_6)
FN:37,(anonymous_7)
FN:38,(anonymous_8)
FN:63,(anonymous_9)
FN:109,(anonymous_10)
FN:129,(anonymous_11)
FN:150,(anonymous_12)
FN:169,(anonymous_13)
FN:169,(anonymous_14)
FN:169,(anonymous_15)
FN:188,(anonymous_16)
FN:205,(anonymous_17)
FN:205,(anonymous_18)
FN:233,SectionHeader
FN:256,RevenueChart
FN:261,(anonymous_22)
FN:263,(anonymous_23)
FN:269,(anonymous_24)
FN:271,(anonymous_25)
FN:293,(anonymous_26)
FN:302,(anonymous_27)
FNF:27
FNH:0
FNDA:0,Dashboard
FNDA:0,(anonymous_1)
FNDA:0,(anonymous_2)
FNDA:0,(anonymous_3)
FNDA:0,(anonymous_4)
FNDA:0,(anonymous_5)
FNDA:0,(anonymous_6)
FNDA:0,(anonymous_7)
FNDA:0,(anonymous_8)
FNDA:0,(anonymous_9)
FNDA:0,(anonymous_10)
FNDA:0,(anonymous_11)
FNDA:0,(anonymous_12)
FNDA:0,(anonymous_13)
FNDA:0,(anonymous_14)
FNDA:0,(anonymous_15)
FNDA:0,(anonymous_16)
FNDA:0,(anonymous_17)
FNDA:0,(anonymous_18)
FNDA:0,SectionHeader
FNDA:0,RevenueChart
FNDA:0,(anonymous_22)
FNDA:0,(anonymous_23)
FNDA:0,(anonymous_24)
FNDA:0,(anonymous_25)
FNDA:0,(anonymous_26)
FNDA:0,(anonymous_27)
DA:14,8
DA:22,0
DA:26,0
DA:27,0
DA:30,0
DA:31,0
DA:32,0
DA:34,0
DA:35,0
DA:36,0
DA:37,0
DA:38,0
DA:64,0
DA:65,0
DA:110,0
DA:130,0
DA:151,0
DA:169,0
DA:170,0
DA:189,0
DA:205,0
DA:206,0
DA:257,0
DA:258,0
DA:259,0
DA:260,0
DA:261,0
DA:262,0
DA:264,0
DA:265,0
DA:266,0
DA:269,0
DA:270,0
DA:272,0
DA:273,0
DA:274,0
DA:277,0
DA:294,0
DA:302,0
LF:39
LH:1
BRDA:27,0,0,0
BRDA:27,0,1,0
BRDA:27,0,2,0
BRDA:32,1,0,0
BRDA:32,1,1,0
BRDA:36,2,0,0
BRDA:36,2,1,0
BRDA:71,3,0,0
BRDA:71,3,1,0
BRDA:72,4,0,0
BRDA:72,4,1,0
BRDA:205,5,0,0
BRDA:205,5,1,0
BRDA:205,5,2,0
BRDA:238,6,0,0
BRDA:238,6,1,0
BRDA:239,7,0,0
BRDA:239,7,1,0
BRDA:244,8,0,0
BRDA:244,8,1,0
BRDA:266,9,0,0
BRDA:266,9,1,0
BRDA:274,10,0,0
BRDA:274,10,1,0
BRF:24
BRH:0
end_of_record
TN:
SF:src\routes\_app.pipeline.tsx
FN:30,PipelinePage
FN:41,(anonymous_1)
FN:42,(anonymous_2)
FN:43,(anonymous_3)
FN:44,(anonymous_4)
FN:47,(anonymous_5)
FN:55,(anonymous_6)
FN:56,(anonymous_7)
FN:56,(anonymous_8)
FN:58,(anonymous_9)
FN:59,(anonymous_10)
FN:73,(anonymous_11)
FN:76,(anonymous_12)
FN:90,(anonymous_13)
FN:99,(anonymous_14)
FN:103,(anonymous_15)
FN:103,(anonymous_16)
FN:113,(anonymous_17)
FN:127,(anonymous_18)
FN:141,(anonymous_19)
FN:157,(anonymous_20)
FN:158,(anonymous_21)
FN:159,(anonymous_22)
FN:172,(anonymous_23)
FN:173,(anonymous_24)
FN:178,(anonymous_25)
FN:182,(anonymous_26)
FN:191,(anonymous_27)
FN:192,(anonymous_28)
FN:218,(anonymous_29)
FN:254,(anonymous_30)
FNF:31
FNH:0
FNDA:0,PipelinePage
FNDA:0,(anonymous_1)
FNDA:0,(anonymous_2)
FNDA:0,(anonymous_3)
FNDA:0,(anonymous_4)
FNDA:0,(anonymous_5)
FNDA:0,(anonymous_6)
FNDA:0,(anonymous_7)
FNDA:0,(anonymous_8)
FNDA:0,(anonymous_9)
FNDA:0,(anonymous_10)
FNDA:0,(anonymous_11)
FNDA:0,(anonymous_12)
FNDA:0,(anonymous_13)
FNDA:0,(anonymous_14)
FNDA:0,(anonymous_15)
FNDA:0,(anonymous_16)
FNDA:0,(anonymous_17)
FNDA:0,(anonymous_18)
FNDA:0,(anonymous_19)
FNDA:0,(anonymous_20)
FNDA:0,(anonymous_21)
FNDA:0,(anonymous_22)
FNDA:0,(anonymous_23)
FNDA:0,(anonymous_24)
FNDA:0,(anonymous_25)
FNDA:0,(anonymous_26)
FNDA:0,(anonymous_27)
FNDA:0,(anonymous_28)
FNDA:0,(anonymous_29)
FNDA:0,(anonymous_30)
DA:12,8
DA:31,0
DA:32,0
DA:33,0
DA:36,0
DA:37,0
DA:38,0
DA:39,0
DA:41,0
DA:42,0
DA:43,0
DA:44,0
DA:47,0
DA:49,0
DA:55,0
DA:56,0
DA:58,0
DA:59,0
DA:73,0
DA:76,0
DA:90,0
DA:99,0
DA:103,0
DA:104,0
DA:113,0
DA:127,0
DA:142,0
DA:143,0
DA:144,0
DA:145,0
DA:158,0
DA:159,0
DA:160,0
DA:172,0
DA:174,0
DA:175,0
DA:179,0
DA:182,0
DA:192,0
DA:218,0
DA:255,0
LF:41
LH:1
BRDA:42,0,0,0
BRDA:42,0,1,0
BRDA:56,1,0,0
BRDA:56,1,1,0
BRDA:56,1,2,0
BRDA:59,2,0,0
BRDA:59,2,1,0
BRDA:73,3,0,0
BRDA:73,3,1,0
BRDA:76,4,0,0
BRDA:76,4,1,0
BRDA:137,5,0,0
BRDA:137,5,1,0
BRDA:137,5,2,0
BRDA:137,5,3,0
BRDA:155,6,0,0
BRDA:175,7,0,0
BRF:17
BRH:0
end_of_record
TN:
SF:src\routes\_app.projects.tsx
FN:28,ProjectsPage
FN:42,(anonymous_1)
FN:43,(anonymous_2)
FN:44,(anonymous_3)
FN:44,(anonymous_4)
FN:45,(anonymous_5)
FN:45,(anonymous_6)
FN:48,(anonymous_7)
FN:56,(anonymous_8)
FN:57,(anonymous_9)
FN:57,(anonymous_10)
FN:58,(anonymous_11)
FN:59,(anonymous_12)
FN:59,(anonymous_13)
FN:61,(anonymous_14)
FN:62,(anonymous_15)
FN:64,(anonymous_16)
FN:69,(anonymous_17)
FN:78,(anonymous_18)
FN:79,(anonymous_19)
FN:81,(anonymous_20)
FN:85,(anonymous_21)
FN:94,(anonymous_22)
FN:95,(anonymous_23)
FN:97,(anonymous_24)
FN:98,(anonymous_25)
FN:107,(anonymous_26)
FN:109,(anonymous_27)
FN:119,(anonymous_28)
FN:146,(anonymous_29)
FN:164,(anonymous_30)
FN:169,(anonymous_31)
FN:170,(anonymous_32)
FN:171,(anonymous_33)
FN:185,(anonymous_34)
FN:203,(anonymous_35)
FN:206,(anonymous_36)
FN:229,(anonymous_37)
FN:232,(anonymous_38)
FN:243,(anonymous_39)
FN:254,(anonymous_40)
FN:271,(anonymous_41)
FN:272,(anonymous_42)
FN:273,(anonymous_43)
FN:311,(anonymous_44)
FN:325,(anonymous_45)
FN:331,(anonymous_46)
FN:346,(anonymous_47)
FN:372,(anonymous_48)
FN:377,(anonymous_49)
FN:390,(anonymous_50)
FN:393,(anonymous_51)
FN:400,(anonymous_52)
FN:415,(anonymous_53)
FN:418,(anonymous_54)
FN:423,(anonymous_55)
FN:427,(anonymous_56)
FN:428,(anonymous_57)
FN:439,(anonymous_58)
FN:442,(anonymous_59)
FN:454,(anonymous_60)
FN:455,(anonymous_61)
FN:461,(anonymous_62)
FNF:63
FNH:0
FNDA:0,ProjectsPage
FNDA:0,(anonymous_1)
FNDA:0,(anonymous_2)
FNDA:0,(anonymous_3)
FNDA:0,(anonymous_4)
FNDA:0,(anonymous_5)
FNDA:0,(anonymous_6)
FNDA:0,(anonymous_7)
FNDA:0,(anonymous_8)
FNDA:0,(anonymous_9)
FNDA:0,(anonymous_10)
FNDA:0,(anonymous_11)
FNDA:0,(anonymous_12)
FNDA:0,(anonymous_13)
FNDA:0,(anonymous_14)
FNDA:0,(anonymous_15)
FNDA:0,(anonymous_16)
FNDA:0,(anonymous_17)
FNDA:0,(anonymous_18)
FNDA:0,(anonymous_19)
FNDA:0,(anonymous_20)
FNDA:0,(anonymous_21)
FNDA:0,(anonymous_22)
FNDA:0,(anonymous_23)
FNDA:0,(anonymous_24)
FNDA:0,(anonymous_25)
FNDA:0,(anonymous_26)
FNDA:0,(anonymous_27)
FNDA:0,(anonymous_28)
FNDA:0,(anonymous_29)
FNDA:0,(anonymous_30)
FNDA:0,(anonymous_31)
FNDA:0,(anonymous_32)
FNDA:0,(anonymous_33)
FNDA:0,(anonymous_34)
FNDA:0,(anonymous_35)
FNDA:0,(anonymous_36)
FNDA:0,(anonymous_37)
FNDA:0,(anonymous_38)
FNDA:0,(anonymous_39)
FNDA:0,(anonymous_40)
FNDA:0,(anonymous_41)
FNDA:0,(anonymous_42)
FNDA:0,(anonymous_43)
FNDA:0,(anonymous_44)
FNDA:0,(anonymous_45)
FNDA:0,(anonymous_46)
FNDA:0,(anonymous_47)
FNDA:0,(anonymous_48)
FNDA:0,(anonymous_49)
FNDA:0,(anonymous_50)
FNDA:0,(anonymous_51)
FNDA:0,(anonymous_52)
FNDA:0,(anonymous_53)
FNDA:0,(anonymous_54)
FNDA:0,(anonymous_55)
FNDA:0,(anonymous_56)
FNDA:0,(anonymous_57)
FNDA:0,(anonymous_58)
FNDA:0,(anonymous_59)
FNDA:0,(anonymous_60)
FNDA:0,(anonymous_61)
FNDA:0,(anonymous_62)
DA:13,8
DA:20,8
DA:21,8
DA:29,0
DA:30,0
DA:31,0
DA:32,0
DA:35,0
DA:36,0
DA:37,0
DA:38,0
DA:39,0
DA:40,0
DA:42,0
DA:43,0
DA:44,0
DA:45,0
DA:48,0
DA:50,0
DA:56,0
DA:57,0
DA:58,0
DA:59,0
DA:61,0
DA:62,0
DA:63,0
DA:64,0
DA:65,0
DA:66,0
DA:67,0
DA:69,0
DA:70,0
DA:71,0
DA:72,0
DA:73,0
DA:75,0
DA:78,0
DA:79,0
DA:80,0
DA:81,0
DA:82,0
DA:83,0
DA:85,0
DA:86,0
DA:87,0
DA:88,0
DA:89,0
DA:91,0
DA:94,0
DA:95,0
DA:96,0
DA:97,0
DA:98,0
DA:99,0
DA:100,0
DA:101,0
DA:102,0
DA:104,0
DA:107,0
DA:108,0
DA:109,0
DA:110,0
DA:111,0
DA:118,0
DA:119,0
DA:120,0
DA:121,0
DA:122,0
DA:123,0
DA:125,0
DA:126,0
DA:127,0
DA:128,0
DA:146,0
DA:165,0
DA:166,0
DA:170,0
DA:171,0
DA:185,0
DA:204,0
DA:205,0
DA:206,0
DA:230,0
DA:231,0
DA:232,0
DA:243,0
DA:255,0
DA:256,0
DA:257,0
DA:258,0
DA:272,0
DA:273,0
DA:274,0
DA:276,0
DA:312,0
DA:326,0
DA:331,0
DA:346,0
DA:373,0
DA:377,0
DA:390,0
DA:394,0
DA:400,0
DA:415,0
DA:418,0
DA:423,0
DA:428,0
DA:429,0
DA:439,0
DA:442,0
DA:455,0
DA:456,0
DA:461,0
LF:113
LH:3
BRDA:43,0,0,0
BRDA:43,0,1,0
BRDA:44,1,0,0
BRDA:44,1,1,0
BRDA:57,2,0,0
BRDA:57,2,1,0
BRDA:59,3,0,0
BRDA:59,3,1,0
BRDA:63,4,0,0
BRDA:65,5,0,0
BRDA:66,6,0,0
BRDA:66,6,1,0
BRDA:70,7,0,0
BRDA:70,7,1,0
BRDA:72,8,0,0
BRDA:80,9,0,0
BRDA:82,10,0,0
BRDA:86,11,0,0
BRDA:86,11,1,0
BRDA:88,12,0,0
BRDA:96,13,0,0
BRDA:99,14,0,0
BRDA:99,14,1,0
BRDA:101,15,0,0
BRDA:108,16,0,0
BRDA:110,17,0,0
BRDA:115,18,0,0
BRDA:115,18,1,0
BRDA:115,18,2,0
BRDA:116,19,0,0
BRDA:116,19,1,0
BRDA:122,20,0,0
BRDA:157,21,0,0
BRDA:171,22,0,0
BRDA:171,22,1,0
BRDA:176,23,0,0
BRDA:176,23,1,0
BRDA:177,24,0,0
BRDA:183,25,0,0
BRDA:207,26,0,0
BRDA:207,26,1,0
BRDA:208,27,0,0
BRDA:222,28,0,0
BRDA:233,29,0,0
BRDA:233,29,1,0
BRDA:234,30,0,0
BRDA:242,31,0,0
BRDA:250,32,0,0
BRDA:250,32,1,0
BRDA:250,32,2,0
BRDA:250,32,3,0
BRDA:312,33,0,0
BRDA:312,33,1,0
BRDA:338,34,0,0
BRDA:345,35,0,0
BRDA:346,36,0,0
BRDA:346,36,1,0
BRDA:381,37,0,0
BRDA:381,37,1,0
BRDA:418,38,0,0
BRDA:418,38,1,0
BRDA:431,39,0,0
BRDA:431,39,1,0
BRF:63
BRH:0
end_of_record
TN:
SF:src\routes\_app.settings.tsx
FN:21,SettingsPage
FN:34,(anonymous_1)
FN:40,(anonymous_2)
FN:65,Card
FN:77,ProfileSection
FN:107,TeamsSection
FN:118,(anonymous_7)
FN:126,(anonymous_8)
FN:127,(anonymous_9)
FN:134,(anonymous_10)
FN:140,(anonymous_11)
FN:156,(anonymous_12)
FN:159,(anonymous_13)
FN:165,(anonymous_14)
FN:175,(anonymous_15)
FN:183,NotificationsSection
FN:194,(anonymous_17)
FN:208,DisplaySection
FN:209,(anonymous_19)
FN:218,(anonymous_20)
FN:219,(anonymous_21)
FN:221,(anonymous_22)
FN:224,(anonymous_23)
FN:227,(anonymous_24)
FN:251,(anonymous_25)
FN:254,(anonymous_26)
FN:265,(anonymous_27)
FN:268,(anonymous_28)
FN:280,(anonymous_29)
FN:293,GeneralSection
FN:306,SecuritySection
FN:342,BillingSection
FN:376,(anonymous_33)
FN:395,FormField
FNF:34
FNH:0
FNDA:0,SettingsPage
FNDA:0,(anonymous_1)
FNDA:0,(anonymous_2)
FNDA:0,Card
FNDA:0,ProfileSection
FNDA:0,TeamsSection
FNDA:0,(anonymous_7)
FNDA:0,(anonymous_8)
FNDA:0,(anonymous_9)
FNDA:0,(anonymous_10)
FNDA:0,(anonymous_11)
FNDA:0,(anonymous_12)
FNDA:0,(anonymous_13)
FNDA:0,(anonymous_14)
FNDA:0,(anonymous_15)
FNDA:0,NotificationsSection
FNDA:0,(anonymous_17)
FNDA:0,DisplaySection
FNDA:0,(anonymous_19)
FNDA:0,(anonymous_20)
FNDA:0,(anonymous_21)
FNDA:0,(anonymous_22)
FNDA:0,(anonymous_23)
FNDA:0,(anonymous_24)
FNDA:0,(anonymous_25)
FNDA:0,(anonymous_26)
FNDA:0,(anonymous_27)
FNDA:0,(anonymous_28)
FNDA:0,(anonymous_29)
FNDA:0,GeneralSection
FNDA:0,SecuritySection
FNDA:0,BillingSection
FNDA:0,(anonymous_33)
FNDA:0,FormField
DA:11,8
DA:22,0
DA:23,0
DA:35,0
DA:36,0
DA:37,0
DA:40,0
DA:108,0
DA:114,0
DA:115,0
DA:116,0
DA:118,0
DA:119,0
DA:120,0
DA:121,0
DA:122,0
DA:126,0
DA:127,0
DA:128,0
DA:135,0
DA:140,0
DA:156,0
DA:159,0
DA:165,0
DA:175,0
DA:184,0
DA:195,0
DA:209,0
DA:210,0
DA:211,0
DA:213,0
DA:215,0
DA:216,0
DA:218,0
DA:219,0
DA:220,0
DA:221,0
DA:223,0
DA:224,0
DA:227,0
DA:228,0
DA:229,0
DA:230,0
DA:231,0
DA:232,0
DA:233,0
DA:235,0
DA:236,0
DA:237,0
DA:239,0
DA:242,0
DA:252,0
DA:254,0
DA:266,0
DA:268,0
DA:280,0
DA:377,0
LF:57
LH:1
BRDA:42,0,0,0
BRDA:42,0,1,0
BRDA:52,1,0,0
BRDA:53,2,0,0
BRDA:54,3,0,0
BRDA:55,4,0,0
BRDA:56,5,0,0
BRDA:57,6,0,0
BRDA:58,7,0,0
BRDA:70,8,0,0
BRDA:70,8,1,0
BRDA:119,9,0,0
BRDA:165,10,0,0
BRDA:165,10,1,0
BRDA:175,11,0,0
BRDA:175,11,1,0
BRDA:210,12,0,0
BRDA:211,13,0,0
BRDA:211,13,1,0
BRDA:220,14,0,0
BRDA:220,14,1,0
BRDA:221,15,0,0
BRDA:221,15,1,0
BRDA:228,16,0,0
BRDA:228,16,1,0
BRDA:231,17,0,0
BRDA:231,17,1,0
BRDA:236,18,0,0
BRDA:236,18,1,0
BRDA:255,19,0,0
BRDA:255,19,1,0
BRDA:269,20,0,0
BRDA:269,20,1,0
BRDA:395,21,0,0
BRF:34
BRH:0
end_of_record
TN:
SF:src\routes\_app.tsx
FN:7,AppLayout
FN:19,(anonymous_1)
FNF:2
FNH:1
FNDA:16,AppLayout
FNDA:0,(anonymous_1)
DA:8,16
DA:9,16
DA:11,16
DA:19,0
LF:4
LH:3
BRDA:9,0,0,16
BRDA:9,0,1,0
BRDA:11,1,0,0
BRF:3
BRH:1
end_of_record
TN:
SF:src\routes\_app.users.tsx
FN:27,UsersPage
FN:49,(anonymous_1)
FN:54,(anonymous_2)
FN:55,(anonymous_3)
FN:71,(anonymous_4)
FN:76,(anonymous_5)
FN:96,(anonymous_6)
FN:97,(anonymous_7)
FN:100,(anonymous_8)
FN:102,(anonymous_9)
FN:137,(anonymous_10)
FN:148,(anonymous_11)
FN:157,(anonymous_12)
FN:167,(anonymous_13)
FN:175,(anonymous_14)
FN:176,(anonymous_15)
FN:177,(anonymous_16)
FN:186,(anonymous_17)
FN:195,(anonymous_18)
FN:207,(anonymous_19)
FN:219,(anonymous_20)
FN:234,(anonymous_21)
FN:259,(anonymous_22)
FN:288,(anonymous_23)
FN:299,(anonymous_24)
FN:310,(anonymous_25)
FN:319,(anonymous_26)
FN:321,(anonymous_27)
FN:330,(anonymous_28)
FN:355,(anonymous_29)
FN:355,(anonymous_30)
FN:364,(anonymous_31)
FN:364,(anonymous_32)
FN:373,(anonymous_33)
FN:426,(anonymous_34)
FN:434,(anonymous_35)
FN:442,(anonymous_36)
FN:454,(anonymous_37)
FN:466,(anonymous_38)
FN:478,StatCard
FNF:40
FNH:0
FNDA:0,UsersPage
FNDA:0,(anonymous_1)
FNDA:0,(anonymous_2)
FNDA:0,(anonymous_3)
FNDA:0,(anonymous_4)
FNDA:0,(anonymous_5)
FNDA:0,(anonymous_6)
FNDA:0,(anonymous_7)
FNDA:0,(anonymous_8)
FNDA:0,(anonymous_9)
FNDA:0,(anonymous_10)
FNDA:0,(anonymous_11)
FNDA:0,(anonymous_12)
FNDA:0,(anonymous_13)
FNDA:0,(anonymous_14)
FNDA:0,(anonymous_15)
FNDA:0,(anonymous_16)
FNDA:0,(anonymous_17)
FNDA:0,(anonymous_18)
FNDA:0,(anonymous_19)
FNDA:0,(anonymous_20)
FNDA:0,(anonymous_21)
FNDA:0,(anonymous_22)
FNDA:0,(anonymous_23)
FNDA:0,(anonymous_24)
FNDA:0,(anonymous_25)
FNDA:0,(anonymous_26)
FNDA:0,(anonymous_27)
FNDA:0,(anonymous_28)
FNDA:0,(anonymous_29)
FNDA:0,(anonymous_30)
FNDA:0,(anonymous_31)
FNDA:0,(anonymous_32)
FNDA:0,(anonymous_33)
FNDA:0,(anonymous_34)
FNDA:0,(anonymous_35)
FNDA:0,(anonymous_36)
FNDA:0,(anonymous_37)
FNDA:0,(anonymous_38)
FNDA:0,StatCard
DA:15,8
DA:21,8
DA:28,0
DA:29,0
DA:30,0
DA:31,0
DA:32,0
DA:34,0
DA:35,0
DA:36,0
DA:39,0
DA:40,0
DA:41,0
DA:42,0
DA:45,0
DA:46,0
DA:49,0
DA:50,0
DA:54,0
DA:55,0
DA:57,0
DA:60,0
DA:61,0
DA:62,0
DA:64,0
DA:68,0
DA:69,0
DA:71,0
DA:72,0
DA:73,0
DA:76,0
DA:77,0
DA:78,0
DA:89,0
DA:90,0
DA:91,0
DA:92,0
DA:96,0
DA:97,0
DA:100,0
DA:101,0
DA:102,0
DA:103,0
DA:104,0
DA:137,0
DA:148,0
DA:157,0
DA:167,0
DA:175,0
DA:176,0
DA:177,0
DA:186,0
DA:195,0
DA:207,0
DA:219,0
DA:235,0
DA:236,0
DA:237,0
DA:238,0
DA:260,0
DA:289,0
DA:290,0
DA:300,0
DA:301,0
DA:311,0
DA:320,0
DA:321,0
DA:322,0
DA:330,0
DA:355,0
DA:364,0
DA:373,0
DA:426,0
DA:434,0
DA:442,0
DA:454,0
DA:466,0
DA:479,0
LF:78
LH:2
BRDA:57,0,0,0
BRDA:57,0,1,0
BRDA:60,1,0,0
BRDA:60,1,1,0
BRDA:61,2,0,0
BRDA:61,2,1,0
BRDA:62,3,0,0
BRDA:62,3,1,0
BRDA:64,4,0,0
BRDA:64,4,1,0
BRDA:64,4,2,0
BRDA:64,4,3,0
BRDA:68,5,0,0
BRDA:68,5,1,0
BRDA:77,6,0,0
BRDA:82,7,0,0
BRDA:82,7,1,0
BRDA:101,8,0,0
BRDA:102,9,0,0
BRDA:102,9,1,0
BRDA:230,10,0,0
BRDA:230,10,1,0
BRDA:230,10,2,0
BRDA:230,10,3,0
BRDA:278,11,0,0
BRDA:278,11,1,0
BRDA:281,12,0,0
BRDA:281,12,1,0
BRDA:320,13,0,0
BRDA:320,13,1,0
BRDA:321,14,0,0
BRDA:321,14,1,0
BRDA:324,15,0,0
BRDA:324,15,1,0
BRDA:325,16,0,0
BRDA:325,16,1,0
BRDA:347,17,0,0
BRDA:347,17,1,0
BRDA:372,18,0,0
BRDA:373,19,0,0
BRDA:373,19,1,0
BRDA:375,20,0,0
BRDA:375,20,1,0
BRDA:407,21,0,0
BRDA:407,21,1,0
BRDA:433,22,0,0
BRDA:433,22,1,0
BRF:47
BRH:0
end_of_record
TN:
SF:src\routes\login.tsx
FN:8,Login
FN:17,(anonymous_1)
FN:24,(anonymous_2)
FN:33,(anonymous_3)
FN:73,(anonymous_4)
FN:97,(anonymous_5)
FN:175,(anonymous_6)
FN:195,(anonymous_7)
FN:200,(anonymous_8)
FN:214,(anonymous_9)
FN:255,(anonymous_10)
FN:263,(anonymous_11)
FNF:12
FNH:0
FNDA:0,Login
FNDA:0,(anonymous_1)
FNDA:0,(anonymous_2)
FNDA:0,(anonymous_3)
FNDA:0,(anonymous_4)
FNDA:0,(anonymous_5)
FNDA:0,(anonymous_6)
FNDA:0,(anonymous_7)
FNDA:0,(anonymous_8)
FNDA:0,(anonymous_9)
FNDA:0,(anonymous_10)
FNDA:0,(anonymous_11)
DA:9,0
DA:10,0
DA:11,0
DA:12,0
DA:13,0
DA:14,0
DA:15,0
DA:17,0
DA:18,0
DA:19,0
DA:24,0
DA:25,0
DA:26,0
DA:27,0
DA:33,0
DA:34,0
DA:35,0
DA:37,0
DA:38,0
DA:40,0
DA:41,0
DA:42,0
DA:45,0
DA:47,0
DA:48,0
DA:51,0
DA:52,0
DA:64,0
DA:65,0
DA:68,0
DA:72,0
DA:73,0
DA:74,0
DA:77,0
DA:78,0
DA:79,0
DA:82,0
DA:83,0
DA:84,0
DA:86,0
DA:92,0
DA:93,0
DA:96,0
DA:97,0
DA:98,0
DA:100,0
DA:101,0
DA:102,0
DA:103,0
DA:105,0
DA:106,0
DA:107,0
DA:110,0
DA:114,0
DA:116,0
DA:117,0
DA:121,0
DA:175,0
DA:195,0
DA:200,0
DA:214,0
DA:255,0
DA:263,0
LF:63
LH:0
BRDA:40,0,0,0
BRDA:40,1,0,0
BRDA:40,1,1,0
BRDA:64,2,0,0
BRDA:72,3,0,0
BRDA:77,4,0,0
BRDA:78,5,0,0
BRDA:83,6,0,0
BRDA:83,6,1,0
BRDA:84,7,0,0
BRDA:92,8,0,0
BRDA:98,9,0,0
BRDA:98,9,1,0
BRDA:100,10,0,0
BRDA:100,10,1,0
BRDA:116,11,0,0
BRDA:116,11,1,0
BRDA:118,12,0,0
BRDA:118,12,1,0
BRDA:151,13,0,0
BRDA:190,14,0,0
BRDA:190,14,1,0
BRDA:203,15,0,0
BRDA:234,16,0,0
BRF:24
BRH:0
end_of_record
TN:
SF:src\routes\root.tsx
FN:8,RootLayout
FN:19,ErrorBoundary
FN:34,(anonymous_2)
FNF:3
FNH:1
FNDA:16,RootLayout
FNDA:0,ErrorBoundary
FNDA:0,(anonymous_2)
DA:6,8
DA:20,0
DA:21,0
DA:34,0
LF:4
LH:1
BRDA:30,0,0,0
BRDA:30,0,1,0
BRF:2
BRH:0
end_of_record
TN:
SF:src\routes\signup.tsx
FN:9,Signup
FN:29,(anonymous_1)
FN:39,(anonymous_2)
FN:50,(anonymous_3)
FN:93,(anonymous_4)
FN:99,(anonymous_5)
FN:119,(anonymous_6)
FN:127,(anonymous_7)
FN:198,(anonymous_8)
FN:213,(anonymous_9)
FN:232,(anonymous_10)
FN:252,(anonymous_11)
FN:266,(anonymous_12)
FN:296,(anonymous_13)
FN:301,(anonymous_14)
FN:312,(anonymous_15)
FN:342,(anonymous_16)
FN:347,(anonymous_17)
FN:360,(anonymous_18)
FNF:19
FNH:0
FNDA:0,Signup
FNDA:0,(anonymous_1)
FNDA:0,(anonymous_2)
FNDA:0,(anonymous_3)
FNDA:0,(anonymous_4)
FNDA:0,(anonymous_5)
FNDA:0,(anonymous_6)
FNDA:0,(anonymous_7)
FNDA:0,(anonymous_8)
FNDA:0,(anonymous_9)
FNDA:0,(anonymous_10)
FNDA:0,(anonymous_11)
FNDA:0,(anonymous_12)
FNDA:0,(anonymous_13)
FNDA:0,(anonymous_14)
FNDA:0,(anonymous_15)
FNDA:0,(anonymous_16)
FNDA:0,(anonymous_17)
FNDA:0,(anonymous_18)
DA:10,0
DA:11,0
DA:13,0
DA:14,0
DA:15,0
DA:16,0
DA:17,0
DA:18,0
DA:19,0
DA:20,0
DA:22,0
DA:23,0
DA:24,0
DA:25,0
DA:26,0
DA:29,0
DA:30,0
DA:31,0
DA:32,0
DA:33,0
DA:34,0
DA:35,0
DA:36,0
DA:39,0
DA:40,0
DA:47,0
DA:50,0
DA:51,0
DA:52,0
DA:53,0
DA:55,0
DA:56,0
DA:57,0
DA:58,0
DA:59,0
DA:60,0
DA:63,0
DA:64,0
DA:65,0
DA:68,0
DA:69,0
DA:70,0
DA:71,0
DA:74,0
DA:75,0
DA:76,0
DA:79,0
DA:80,0
DA:81,0
DA:84,0
DA:85,0
DA:86,0
DA:89,0
DA:91,0
DA:93,0
DA:94,0
DA:95,0
DA:99,0
DA:102,0
DA:103,0
DA:104,0
DA:107,0
DA:119,0
DA:121,0
DA:122,0
DA:127,0
DA:128,0
DA:132,0
DA:133,0
DA:136,0
DA:198,0
DA:213,0
DA:232,0
DA:252,0
DA:266,0
DA:296,0
DA:301,0
DA:313,0
DA:342,0
DA:347,0
DA:360,0
LF:81
LH:0
BRDA:31,0,0,0
BRDA:32,1,0,0
BRDA:33,2,0,0
BRDA:33,3,0,0
BRDA:33,3,1,0
BRDA:34,4,0,0
BRDA:35,5,0,0
BRDA:63,6,0,0
BRDA:63,7,0,0
BRDA:63,7,1,0
BRDA:63,7,2,0
BRDA:63,7,3,0
BRDA:63,7,4,0
BRDA:63,7,5,0
BRDA:69,8,0,0
BRDA:74,9,0,0
BRDA:79,10,0,0
BRDA:84,11,0,0
BRDA:94,12,0,0
BRDA:103,13,0,0
BRDA:103,13,1,0
BRDA:104,14,0,0
BRDA:113,15,0,0
BRDA:113,15,1,0
BRDA:132,16,0,0
BRDA:132,16,1,0
BRDA:134,17,0,0
BRDA:134,17,1,0
BRDA:166,18,0,0
BRDA:173,19,0,0
BRDA:291,20,0,0
BRDA:291,20,1,0
BRDA:304,21,0,0
BRDA:309,22,0,0
BRDA:316,23,0,0
BRDA:316,23,1,0
BRDA:337,24,0,0
BRDA:337,24,1,0
BRDA:350,25,0,0
BRDA:381,26,0,0
BRF:40
BRH:0
end_of_record
